{"F:\\TLÜ\\Teine aasta\\Programmeerimine_II\\Tiina_Onemar_Programmeerimine_II\\Homework\\Homework_VI\\src\\app.ts":{"path":"F:\\TLÜ\\Teine aasta\\Programmeerimine_II\\Tiina_Onemar_Programmeerimine_II\\Homework\\Homework_VI\\src\\app.ts","statementMap":{"0":{"start":{"line":2,"column":22},"end":{"line":4,"column":1}},"1":{"start":{"line":3,"column":4},"end":{"line":3,"column":62}},"2":{"start":{"line":5,"column":0},"end":{"line":5,"column":62}},"3":{"start":{"line":6,"column":18},"end":{"line":6,"column":53}},"4":{"start":{"line":7,"column":27},"end":{"line":7,"column":90}},"5":{"start":{"line":8,"column":28},"end":{"line":8,"column":93}},"6":{"start":{"line":9,"column":25},"end":{"line":9,"column":85}},"7":{"start":{"line":10,"column":26},"end":{"line":10,"column":83}},"8":{"start":{"line":11,"column":29},"end":{"line":11,"column":89}},"9":{"start":{"line":12,"column":28},"end":{"line":12,"column":87}},"10":{"start":{"line":13,"column":22},"end":{"line":13,"column":80}},"11":{"start":{"line":14,"column":22},"end":{"line":14,"column":80}},"12":{"start":{"line":15,"column":27},"end":{"line":15,"column":95}},"13":{"start":{"line":16,"column":25},"end":{"line":16,"column":89}},"14":{"start":{"line":17,"column":27},"end":{"line":17,"column":95}},"15":{"start":{"line":18,"column":12},"end":{"line":18,"column":36}},"16":{"start":{"line":19,"column":0},"end":{"line":19,"column":34}},"17":{"start":{"line":20,"column":0},"end":{"line":20,"column":83}},"18":{"start":{"line":21,"column":0},"end":{"line":21,"column":51}},"19":{"start":{"line":22,"column":0},"end":{"line":22,"column":58}},"20":{"start":{"line":23,"column":0},"end":{"line":23,"column":41}},"21":{"start":{"line":24,"column":0},"end":{"line":24,"column":41}},"22":{"start":{"line":25,"column":0},"end":{"line":25,"column":51}},"23":{"start":{"line":26,"column":0},"end":{"line":26,"column":47}},"24":{"start":{"line":27,"column":0},"end":{"line":27,"column":51}},"25":{"start":{"line":28,"column":0},"end":{"line":28,"column":43}},"26":{"start":{"line":29,"column":0},"end":{"line":29,"column":35}},"27":{"start":{"line":30,"column":0},"end":{"line":30,"column":22}}},"fnMap":{"0":{"name":"(anonymous_0)","decl":{"start":{"line":2,"column":56},"end":{"line":2,"column":57}},"loc":{"start":{"line":2,"column":71},"end":{"line":4,"column":1}},"line":2}},"branchMap":{"0":{"loc":{"start":{"line":2,"column":22},"end":{"line":4,"column":1}},"type":"binary-expr","locations":[{"start":{"line":2,"column":23},"end":{"line":2,"column":27}},{"start":{"line":2,"column":31},"end":{"line":2,"column":51}},{"start":{"line":2,"column":56},"end":{"line":4,"column":1}}],"line":2},"1":{"loc":{"start":{"line":3,"column":11},"end":{"line":3,"column":61}},"type":"cond-expr","locations":[{"start":{"line":3,"column":37},"end":{"line":3,"column":40}},{"start":{"line":3,"column":43},"end":{"line":3,"column":61}}],"line":3},"2":{"loc":{"start":{"line":3,"column":12},"end":{"line":3,"column":33}},"type":"binary-expr","locations":[{"start":{"line":3,"column":12},"end":{"line":3,"column":15}},{"start":{"line":3,"column":19},"end":{"line":3,"column":33}}],"line":3}},"s":{"0":1,"1":12,"2":1,"3":1,"4":1,"5":1,"6":1,"7":1,"8":1,"9":1,"10":1,"11":1,"12":1,"13":1,"14":1,"15":1,"16":1,"17":1,"18":1,"19":1,"20":1,"21":1,"22":1,"23":1,"24":1,"25":1,"26":1,"27":1},"f":{"0":12},"b":{"0":[1,1,1],"1":[11,1],"2":[12,12]},"inputSourceMap":{"version":3,"file":"F:/TLÜ/Teine aasta/Programmeerimine_II/Tiina_Onemar_Programmeerimine_II/Homework/Homework_VI/src/app.ts","sources":["F:/TLÜ/Teine aasta/Programmeerimine_II/Tiina_Onemar_Programmeerimine_II/Homework/Homework_VI/src/app.ts"],"names":[],"mappings":";;;;;AAAA,sDAA6B;AAE7B,2FAAkE;AAClE,8FAAqE;AACrE,sFAA8D;AAE9D,oFAA4D;AAC5D,0FAAkE;AAClE,wFAAqD;AAErD,iFAAyD;AACzD,iFAAyD;AACzD,gGAAwE;AACxE,0FAAkE;AAClE,gGAAwE;AAExE,MAAM,GAAG,GAAG,IAAA,iBAAO,GAAE,CAAA;AAErB,GAAG,CAAC,GAAG,CAAC,iBAAO,CAAC,IAAI,EAAE,CAAC,CAAC;AAExB,GAAG,CAAC,GAAG,CAAC,OAAO,EAAE,2BAAM,EAAE,2BAAiB,CAAC,OAAO,CAAC,CAAC;AAEpD,GAAG,CAAC,IAAI,CAAC,QAAQ,EAAE,wBAAe,CAAC,KAAK,CAAC,CAAC;AAC1C,GAAG,CAAC,IAAI,CAAC,QAAQ,EAAE,0BAAgB,CAAC,UAAU,CAAC,CAAC;AAEhD,GAAG,CAAC,GAAG,CAAC,QAAQ,EAAE,qBAAW,CAAC,CAAC;AAC/B,GAAG,CAAC,GAAG,CAAC,QAAQ,EAAE,qBAAW,CAAC,CAAC;AAC/B,GAAG,CAAC,GAAG,CAAC,aAAa,EAAE,0BAAgB,CAAC,CAAC;AACzC,GAAG,CAAC,GAAG,CAAC,WAAW,EAAE,wBAAc,CAAC,CAAC;AACrC,GAAG,CAAC,GAAG,CAAC,aAAa,EAAE,0BAAgB,CAAC,CAAC;AAEzC,GAAG,CAAC,GAAG,CAAC,GAAG,EAAE,4BAAkB,CAAC,CAAC;AAEjC,GAAG,CAAC,GAAG,CAAC,yBAAe,CAAC,CAAC;AAEzB,kBAAe,GAAG,CAAC","sourcesContent":["import express from 'express'\r\n\r\nimport usersControllers from './components/users/usersControllers'\r\nimport loggerControllers from './components/logger/loggerControllers'\r\nimport authControllers from './components/auth/authController'\r\n\r\nimport errorMiddleware from './middlewares/errorMiddleware';\r\nimport notFoundMiddleware from './middlewares/notFoundMiddleware';\r\nimport logger from './middlewares/loggingMiddleware';\r\n\r\nimport usersRoutes from './components/users/usersRoutes';\r\nimport tasksRoutes from './components/tasks/tasksRoutes';\r\nimport categoriesRoutes from './components/categories/categoriesRoutes';\r\nimport subtasksRoutes from './components/subtasks/subtasksRoutes';\r\nimport prioritiesRoutes from './components/priorities/prioritiesRoutes';\r\n\r\nconst app = express()\r\n\r\napp.use(express.json());\r\n\r\napp.get('/logs', logger, loggerControllers.getLogs);\r\n\r\napp.post('/login', authControllers.login);\r\napp.post('/users', usersControllers.createUser);\r\n\r\napp.use('/users', usersRoutes);\r\napp.use('/tasks', tasksRoutes);\r\napp.use('/categories', categoriesRoutes);\r\napp.use('/subtasks', subtasksRoutes);\r\napp.use('/priorities', prioritiesRoutes);\r\n\r\napp.use('*', notFoundMiddleware);\r\n\r\napp.use(errorMiddleware);\r\n\r\nexport default app;"]},"_coverageSchema":"1a1c01bbd47fc00a2c39e90264f33305004495a9","hash":"08b06cb52afae6082f555f101d2cb44f504ef24e","contentHash":"0c544609c1b292df4deab4b967625fe47ddf65fe09e4c6c951b15102c7cbc496"},"F:\\TLÜ\\Teine aasta\\Programmeerimine_II\\Tiina_Onemar_Programmeerimine_II\\Homework\\Homework_VI\\src\\components\\users\\usersControllers.ts":{"path":"F:\\TLÜ\\Teine aasta\\Programmeerimine_II\\Tiina_Onemar_Programmeerimine_II\\Homework\\Homework_VI\\src\\components\\users\\usersControllers.ts","statementMap":{"0":{"start":{"line":2,"column":16},"end":{"line":10,"column":1}},"1":{"start":{"line":3,"column":28},"end":{"line":3,"column":110}},"2":{"start":{"line":3,"column":91},"end":{"line":3,"column":106}},"3":{"start":{"line":4,"column":4},"end":{"line":9,"column":7}},"4":{"start":{"line":5,"column":36},"end":{"line":5,"column":97}},"5":{"start":{"line":5,"column":42},"end":{"line":5,"column":70}},"6":{"start":{"line":5,"column":85},"end":{"line":5,"column":95}},"7":{"start":{"line":6,"column":35},"end":{"line":6,"column":100}},"8":{"start":{"line":6,"column":41},"end":{"line":6,"column":73}},"9":{"start":{"line":6,"column":88},"end":{"line":6,"column":98}},"10":{"start":{"line":7,"column":32},"end":{"line":7,"column":116}},"11":{"start":{"line":8,"column":8},"end":{"line":8,"column":78}},"12":{"start":{"line":11,"column":22},"end":{"line":13,"column":1}},"13":{"start":{"line":12,"column":4},"end":{"line":12,"column":62}},"14":{"start":{"line":14,"column":0},"end":{"line":14,"column":62}},"15":{"start":{"line":15,"column":24},"end":{"line":15,"column":67}},"16":{"start":{"line":16,"column":22},"end":{"line":16,"column":72}},"17":{"start":{"line":17,"column":23},"end":{"line":17,"column":74}},"18":{"start":{"line":18,"column":25},"end":{"line":97,"column":1}},"19":{"start":{"line":19,"column":34},"end":{"line":36,"column":6}},"20":{"start":{"line":20,"column":22},"end":{"line":20,"column":62}},"21":{"start":{"line":21,"column":8},"end":{"line":23,"column":9}},"22":{"start":{"line":22,"column":12},"end":{"line":22,"column":31}},"23":{"start":{"line":24,"column":8},"end":{"line":26,"column":9}},"24":{"start":{"line":25,"column":12},"end":{"line":25,"column":75}},"25":{"start":{"line":27,"column":8},"end":{"line":29,"column":9}},"26":{"start":{"line":28,"column":12},"end":{"line":28,"column":60}},"27":{"start":{"line":30,"column":8},"end":{"line":35,"column":11}},"28":{"start":{"line":37,"column":37},"end":{"line":48,"column":6}},"29":{"start":{"line":38,"column":19},"end":{"line":38,"column":40}},"30":{"start":{"line":39,"column":8},"end":{"line":41,"column":9}},"31":{"start":{"line":40,"column":12},"end":{"line":40,"column":60}},"32":{"start":{"line":42,"column":21},"end":{"line":42,"column":66}},"33":{"start":{"line":43,"column":8},"end":{"line":47,"column":11}},"34":{"start":{"line":49,"column":36},"end":{"line":66,"column":6}},"35":{"start":{"line":50,"column":57},"end":{"line":50,"column":65}},"36":{"start":{"line":51,"column":8},"end":{"line":53,"column":9}},"37":{"start":{"line":52,"column":12},"end":{"line":52,"column":123}},"38":{"start":{"line":54,"column":24},"end":{"line":59,"column":9}},"39":{"start":{"line":60,"column":23},"end":{"line":60,"column":72}},"40":{"start":{"line":61,"column":8},"end":{"line":65,"column":11}},"41":{"start":{"line":67,"column":36},"end":{"line":83,"column":6}},"42":{"start":{"line":68,"column":19},"end":{"line":68,"column":40}},"43":{"start":{"line":69,"column":30},"end":{"line":69,"column":38}},"44":{"start":{"line":70,"column":23},"end":{"line":70,"column":68}},"45":{"start":{"line":71,"column":8},"end":{"line":73,"column":9}},"46":{"start":{"line":72,"column":12},"end":{"line":72,"column":60}},"47":{"start":{"line":74,"column":28},"end":{"line":74,"column":87}},"48":{"start":{"line":75,"column":8},"end":{"line":77,"column":9}},"49":{"start":{"line":76,"column":12},"end":{"line":76,"column":123}},"50":{"start":{"line":78,"column":8},"end":{"line":82,"column":11}},"51":{"start":{"line":84,"column":36},"end":{"line":96,"column":6}},"52":{"start":{"line":85,"column":19},"end":{"line":85,"column":40}},"53":{"start":{"line":86,"column":23},"end":{"line":86,"column":68}},"54":{"start":{"line":87,"column":8},"end":{"line":89,"column":9}},"55":{"start":{"line":88,"column":12},"end":{"line":88,"column":53}},"56":{"start":{"line":90,"column":28},"end":{"line":90,"column":72}},"57":{"start":{"line":91,"column":8},"end":{"line":95,"column":11}},"58":{"start":{"line":98,"column":0},"end":{"line":98,"column":35}}},"fnMap":{"0":{"name":"(anonymous_0)","decl":{"start":{"line":2,"column":44},"end":{"line":2,"column":45}},"loc":{"start":{"line":2,"column":89},"end":{"line":10,"column":1}},"line":2},"1":{"name":"adopt","decl":{"start":{"line":3,"column":13},"end":{"line":3,"column":18}},"loc":{"start":{"line":3,"column":26},"end":{"line":3,"column":112}},"line":3},"2":{"name":"(anonymous_2)","decl":{"start":{"line":3,"column":70},"end":{"line":3,"column":71}},"loc":{"start":{"line":3,"column":89},"end":{"line":3,"column":108}},"line":3},"3":{"name":"(anonymous_3)","decl":{"start":{"line":4,"column":36},"end":{"line":4,"column":37}},"loc":{"start":{"line":4,"column":63},"end":{"line":9,"column":5}},"line":4},"4":{"name":"fulfilled","decl":{"start":{"line":5,"column":17},"end":{"line":5,"column":26}},"loc":{"start":{"line":5,"column":34},"end":{"line":5,"column":99}},"line":5},"5":{"name":"rejected","decl":{"start":{"line":6,"column":17},"end":{"line":6,"column":25}},"loc":{"start":{"line":6,"column":33},"end":{"line":6,"column":102}},"line":6},"6":{"name":"step","decl":{"start":{"line":7,"column":17},"end":{"line":7,"column":21}},"loc":{"start":{"line":7,"column":30},"end":{"line":7,"column":118}},"line":7},"7":{"name":"(anonymous_7)","decl":{"start":{"line":11,"column":56},"end":{"line":11,"column":57}},"loc":{"start":{"line":11,"column":71},"end":{"line":13,"column":1}},"line":11},"8":{"name":"(anonymous_8)","decl":{"start":{"line":19,"column":14},"end":{"line":19,"column":15}},"loc":{"start":{"line":19,"column":34},"end":{"line":36,"column":6}},"line":19},"9":{"name":"(anonymous_9)","decl":{"start":{"line":19,"column":68},"end":{"line":19,"column":69}},"loc":{"start":{"line":19,"column":81},"end":{"line":36,"column":5}},"line":19},"10":{"name":"(anonymous_10)","decl":{"start":{"line":37,"column":17},"end":{"line":37,"column":18}},"loc":{"start":{"line":37,"column":37},"end":{"line":48,"column":6}},"line":37},"11":{"name":"(anonymous_11)","decl":{"start":{"line":37,"column":71},"end":{"line":37,"column":72}},"loc":{"start":{"line":37,"column":84},"end":{"line":48,"column":5}},"line":37},"12":{"name":"(anonymous_12)","decl":{"start":{"line":49,"column":16},"end":{"line":49,"column":17}},"loc":{"start":{"line":49,"column":36},"end":{"line":66,"column":6}},"line":49},"13":{"name":"(anonymous_13)","decl":{"start":{"line":49,"column":70},"end":{"line":49,"column":71}},"loc":{"start":{"line":49,"column":83},"end":{"line":66,"column":5}},"line":49},"14":{"name":"(anonymous_14)","decl":{"start":{"line":67,"column":16},"end":{"line":67,"column":17}},"loc":{"start":{"line":67,"column":36},"end":{"line":83,"column":6}},"line":67},"15":{"name":"(anonymous_15)","decl":{"start":{"line":67,"column":70},"end":{"line":67,"column":71}},"loc":{"start":{"line":67,"column":83},"end":{"line":83,"column":5}},"line":67},"16":{"name":"(anonymous_16)","decl":{"start":{"line":84,"column":16},"end":{"line":84,"column":17}},"loc":{"start":{"line":84,"column":36},"end":{"line":96,"column":6}},"line":84},"17":{"name":"(anonymous_17)","decl":{"start":{"line":84,"column":70},"end":{"line":84,"column":71}},"loc":{"start":{"line":84,"column":83},"end":{"line":96,"column":5}},"line":84}},"branchMap":{"0":{"loc":{"start":{"line":2,"column":16},"end":{"line":10,"column":1}},"type":"binary-expr","locations":[{"start":{"line":2,"column":17},"end":{"line":2,"column":21}},{"start":{"line":2,"column":25},"end":{"line":2,"column":39}},{"start":{"line":2,"column":44},"end":{"line":10,"column":1}}],"line":2},"1":{"loc":{"start":{"line":3,"column":35},"end":{"line":3,"column":109}},"type":"cond-expr","locations":[{"start":{"line":3,"column":56},"end":{"line":3,"column":61}},{"start":{"line":3,"column":64},"end":{"line":3,"column":109}}],"line":3},"2":{"loc":{"start":{"line":4,"column":16},"end":{"line":4,"column":34}},"type":"binary-expr","locations":[{"start":{"line":4,"column":16},"end":{"line":4,"column":17}},{"start":{"line":4,"column":22},"end":{"line":4,"column":33}}],"line":4},"3":{"loc":{"start":{"line":7,"column":32},"end":{"line":7,"column":115}},"type":"cond-expr","locations":[{"start":{"line":7,"column":46},"end":{"line":7,"column":67}},{"start":{"line":7,"column":70},"end":{"line":7,"column":115}}],"line":7},"4":{"loc":{"start":{"line":8,"column":51},"end":{"line":8,"column":67}},"type":"binary-expr","locations":[{"start":{"line":8,"column":51},"end":{"line":8,"column":61}},{"start":{"line":8,"column":65},"end":{"line":8,"column":67}}],"line":8},"5":{"loc":{"start":{"line":11,"column":22},"end":{"line":13,"column":1}},"type":"binary-expr","locations":[{"start":{"line":11,"column":23},"end":{"line":11,"column":27}},{"start":{"line":11,"column":31},"end":{"line":11,"column":51}},{"start":{"line":11,"column":56},"end":{"line":13,"column":1}}],"line":11},"6":{"loc":{"start":{"line":12,"column":11},"end":{"line":12,"column":61}},"type":"cond-expr","locations":[{"start":{"line":12,"column":37},"end":{"line":12,"column":40}},{"start":{"line":12,"column":43},"end":{"line":12,"column":61}}],"line":12},"7":{"loc":{"start":{"line":12,"column":12},"end":{"line":12,"column":33}},"type":"binary-expr","locations":[{"start":{"line":12,"column":12},"end":{"line":12,"column":15}},{"start":{"line":12,"column":19},"end":{"line":12,"column":33}}],"line":12},"8":{"loc":{"start":{"line":21,"column":8},"end":{"line":23,"column":9}},"type":"if","locations":[{"start":{"line":21,"column":8},"end":{"line":23,"column":9}},{"start":{"line":21,"column":8},"end":{"line":23,"column":9}}],"line":21},"9":{"loc":{"start":{"line":24,"column":8},"end":{"line":26,"column":9}},"type":"if","locations":[{"start":{"line":24,"column":8},"end":{"line":26,"column":9}},{"start":{"line":24,"column":8},"end":{"line":26,"column":9}}],"line":24},"10":{"loc":{"start":{"line":27,"column":8},"end":{"line":29,"column":9}},"type":"if","locations":[{"start":{"line":27,"column":8},"end":{"line":29,"column":9}},{"start":{"line":27,"column":8},"end":{"line":29,"column":9}}],"line":27},"11":{"loc":{"start":{"line":39,"column":8},"end":{"line":41,"column":9}},"type":"if","locations":[{"start":{"line":39,"column":8},"end":{"line":41,"column":9}},{"start":{"line":39,"column":8},"end":{"line":41,"column":9}}],"line":39},"12":{"loc":{"start":{"line":39,"column":12},"end":{"line":39,"column":73}},"type":"binary-expr","locations":[{"start":{"line":39,"column":12},"end":{"line":39,"column":37}},{"start":{"line":39,"column":41},"end":{"line":39,"column":73}}],"line":39},"13":{"loc":{"start":{"line":51,"column":8},"end":{"line":53,"column":9}},"type":"if","locations":[{"start":{"line":51,"column":8},"end":{"line":53,"column":9}},{"start":{"line":51,"column":8},"end":{"line":53,"column":9}}],"line":51},"14":{"loc":{"start":{"line":51,"column":12},"end":{"line":51,"column":58}},"type":"binary-expr","locations":[{"start":{"line":51,"column":12},"end":{"line":51,"column":22}},{"start":{"line":51,"column":26},"end":{"line":51,"column":35}},{"start":{"line":51,"column":39},"end":{"line":51,"column":45}},{"start":{"line":51,"column":49},"end":{"line":51,"column":58}}],"line":51},"15":{"loc":{"start":{"line":71,"column":8},"end":{"line":73,"column":9}},"type":"if","locations":[{"start":{"line":71,"column":8},"end":{"line":73,"column":9}},{"start":{"line":71,"column":8},"end":{"line":73,"column":9}}],"line":71},"16":{"loc":{"start":{"line":75,"column":8},"end":{"line":77,"column":9}},"type":"if","locations":[{"start":{"line":75,"column":8},"end":{"line":77,"column":9}},{"start":{"line":75,"column":8},"end":{"line":77,"column":9}}],"line":75},"17":{"loc":{"start":{"line":87,"column":8},"end":{"line":89,"column":9}},"type":"if","locations":[{"start":{"line":87,"column":8},"end":{"line":89,"column":9}},{"start":{"line":87,"column":8},"end":{"line":89,"column":9}}],"line":87}},"s":{"0":1,"1":2,"2":0,"3":2,"4":2,"5":2,"6":0,"7":0,"8":0,"9":0,"10":4,"11":2,"12":1,"13":3,"14":1,"15":1,"16":1,"17":1,"18":1,"19":1,"20":1,"21":1,"22":0,"23":1,"24":0,"25":1,"26":0,"27":1,"28":0,"29":0,"30":0,"31":0,"32":0,"33":0,"34":1,"35":1,"36":1,"37":0,"38":1,"39":1,"40":1,"41":0,"42":0,"43":0,"44":0,"45":0,"46":0,"47":0,"48":0,"49":0,"50":0,"51":0,"52":0,"53":0,"54":0,"55":0,"56":0,"57":0,"58":1},"f":{"0":2,"1":2,"2":0,"3":2,"4":2,"5":0,"6":4,"7":3,"8":1,"9":1,"10":0,"11":0,"12":1,"13":1,"14":0,"15":0,"16":0,"17":0},"b":{"0":[1,1,1],"1":[2,0],"2":[2,2],"3":[2,2],"4":[2,2],"5":[1,1,1],"6":[3,0],"7":[3,3],"8":[0,1],"9":[0,1],"10":[0,1],"11":[0,0],"12":[0,0],"13":[0,1],"14":[1,1,1,1],"15":[0,0],"16":[0,0],"17":[0,0]},"inputSourceMap":{"version":3,"file":"F:/TLÜ/Teine aasta/Programmeerimine_II/Tiina_Onemar_Programmeerimine_II/Homework/Homework_VI/src/components/users/usersControllers.ts","sources":["F:/TLÜ/Teine aasta/Programmeerimine_II/Tiina_Onemar_Programmeerimine_II/Homework/Homework_VI/src/components/users/usersControllers.ts"],"names":[],"mappings":";;;;;;;;;;;;;;AACA,oEAA4C;AAC5C,yEAAiD;AACjD,2EAAmD;AAEnD,MAAM,gBAAgB,GAAG;IACvB,QAAQ,EAAE,CAAO,GAAY,EAAE,GAAa,EAAE,IAAkB,EAAE,EAAE;QAClE,MAAM,KAAK,GAAG,MAAM,uBAAa,CAAC,QAAQ,EAAE,CAAC;QAC7C,IAAI,KAAK,YAAY,qBAAW,EAAE;YAChC,OAAO,IAAI,CAAC,KAAK,CAAC,CAAC;SACpB;QACD,IAAI,KAAK,CAAC,MAAM,KAAK,CAAC,EAAE;YACtB,OAAO,IAAI,CAAC,sBAAY,CAAC,QAAQ,CAAC,gBAAgB,CAAC,CAAC,CAAC;SACtD;QACD,IAAI,GAAG,CAAC,MAAM,CAAC,IAAI,CAAC,IAAI,KAAK,OAAO,EAAE;YACpC,OAAO,IAAI,CAAC,sBAAY,CAAC,SAAS,EAAE,CAAC,CAAC;SACvC;QACD,OAAO,GAAG,CAAC,MAAM,CAAC,GAAG,CAAC,CAAC,IAAI,CAAC;YAC1B,OAAO,EAAE,IAAI;YACb,OAAO,EAAE,eAAe;YACxB,KAAK;YACL,YAAY,EAAE,KAAK,CAAC,MAAM;SAC3B,CAAC,CAAC;IACL,CAAC,CAAA;IACD,WAAW,EAAE,CAAO,GAAY,EAAE,GAAa,EAAE,IAAkB,EAAE,EAAE;QACrE,MAAM,EAAE,GAAG,MAAM,CAAC,GAAG,CAAC,MAAM,CAAC,EAAE,CAAC,CAAC;QAEjC,IAAI,EAAE,KAAK,GAAG,CAAC,MAAM,CAAC,IAAI,CAAC,EAAE,IAAI,GAAG,CAAC,MAAM,CAAC,IAAI,CAAC,IAAI,KAAK,OAAO,EAAE;YACjE,OAAO,IAAI,CAAC,sBAAY,CAAC,SAAS,EAAE,CAAC,CAAC;SACvC;QAED,MAAM,IAAI,GAAG,MAAM,uBAAa,CAAC,WAAW,CAAC,EAAE,CAAC,CAAC;QAEjD,OAAO,GAAG,CAAC,MAAM,CAAC,GAAG,CAAC,CAAC,IAAI,CAAC;YAC1B,OAAO,EAAE,IAAI;YACb,OAAO,EAAE,MAAM;YACf,IAAI;SACL,CAAC,CAAC;IAEL,CAAC,CAAA;IACD,UAAU,EAAE,CAAO,GAAY,EAAE,GAAa,EAAE,IAAkB,EAAE,EAAE;QACpE,MAAM,EAAE,SAAS,EAAE,QAAQ,EAAE,KAAK,EAAE,QAAQ,EAAE,GAAG,GAAG,CAAC,IAAI,CAAC;QAE1D,IAAI,CAAC,SAAS,IAAI,CAAC,QAAQ,IAAI,CAAC,KAAK,IAAI,CAAC,QAAQ,EAAE;YAClD,OAAO,IAAI,CAAC,sBAAY,CAAC,UAAU,CAAC,8DAA8D,CAAC,CAAC,CAAC;SACtG;QAED,MAAM,OAAO,GAAG;YACd,SAAS;YACT,QAAQ;YACR,KAAK;YACL,QAAQ;SACT,CAAA;QAED,MAAM,MAAM,GAAG,MAAM,uBAAa,CAAC,UAAU,CAAC,OAAO,CAAC,CAAC;QAEvD,OAAO,GAAG,CAAC,MAAM,CAAC,GAAG,CAAC,CAAC,IAAI,CAAC;YAC1B,OAAO,EAAE,IAAI;YACb,OAAO,EAAE,cAAc;YACvB,MAAM;SACP,CAAC,CAAC;IAEL,CAAC,CAAA;IACD,UAAU,EAAE,CAAO,GAAY,EAAE,GAAa,EAAE,IAAkB,EAAE,EAAE;QACpE,MAAM,EAAE,GAAG,MAAM,CAAC,GAAG,CAAC,MAAM,CAAC,EAAE,CAAC,CAAC;QACjC,MAAM,aAAa,GAAG,GAAG,CAAC,IAAI,CAAC;QAC/B,MAAM,MAAM,GAAG,MAAM,uBAAa,CAAC,WAAW,CAAC,EAAE,CAAC,CAAC;QAEnD,IAAI,MAAM,CAAC,EAAE,KAAK,GAAG,CAAC,MAAM,CAAC,IAAI,CAAC,EAAE,EAAE;YACpC,OAAO,IAAI,CAAC,sBAAY,CAAC,SAAS,EAAE,CAAC,CAAC;SACvC;QAED,MAAM,WAAW,GAAG,MAAM,uBAAa,CAAC,UAAU,CAAC,EAAE,EAAE,aAAa,CAAC,CAAC;QAEtE,IAAI,WAAW,KAAK,CAAC,EAAE;YACrB,OAAO,IAAI,CAAC,sBAAY,CAAC,UAAU,CAAC,8DAA8D,CAAC,CAAC,CAAC;SACtG;QACD,OAAO,GAAG,CAAC,MAAM,CAAC,GAAG,CAAC,CAAC,IAAI,CAAC;YAC1B,OAAO,EAAE,IAAI;YACb,OAAO,EAAE,cAAc;YACvB,WAAW;SACZ,CAAC,CAAC;IACL,CAAC,CAAA;IACD,UAAU,EAAE,CAAO,GAAY,EAAE,GAAa,EAAE,IAAiB,EAAE,EAAE;QACnE,MAAM,EAAE,GAAG,MAAM,CAAC,GAAG,CAAC,MAAM,CAAC,EAAE,CAAC,CAAC;QACjC,MAAM,MAAM,GAAG,MAAM,uBAAa,CAAC,WAAW,CAAC,EAAE,CAAC,CAAC;QAEnD,IAAI,MAAM,CAAC,EAAE,KAAK,GAAG,CAAC,MAAM,CAAC,IAAI,CAAC,EAAE,EAAE;YACpC,IAAI,CAAC,sBAAY,CAAC,SAAS,EAAE,CAAC,CAAC;SAChC;QAED,MAAM,WAAW,GAAG,MAAM,uBAAa,CAAC,UAAU,CAAC,EAAE,CAAC,CAAC;QACvD,OAAO,GAAG,CAAC,MAAM,CAAC,GAAG,CAAC,CAAC,IAAI,CAAC;YAC1B,OAAO,EAAE,IAAI;YACb,OAAO,EAAE,cAAc;YACvB,WAAW;SACZ,CAAC,CAAC;IACL,CAAC,CAAA;CACF,CAAC;AAEF,kBAAe,gBAAgB,CAAC","sourcesContent":["import { Request, Response, NextFunction } from 'express';\r\nimport usersServices from './usersServices';\r\nimport CustomError from '../helpers/CustomError';\r\nimport errorFactory from '../helpers/errorFactory';\r\n\r\nconst usersControllers = {\r\n  getUsers: async (req: Request, res: Response, next: NextFunction) => {\r\n    const users = await usersServices.getUsers();\r\n    if (users instanceof CustomError) {\r\n      return next(users);\r\n    }\r\n    if (users.length === 0) {\r\n      return next(errorFactory.notFound('No users found'));\r\n    }\r\n    if (res.locals.user.role !== 'Admin') {\r\n      return next(errorFactory.forbidden());\r\n    }\r\n    return res.status(200).json({\r\n      success: true,\r\n      message: 'List of users',\r\n      users,\r\n      countOfUsers: users.length,\r\n    });\r\n  },\r\n  getUserById: async (req: Request, res: Response, next: NextFunction) => {\r\n    const id = Number(req.params.id);\r\n\r\n    if (id !== res.locals.user.id && res.locals.user.role !== 'Admin') {\r\n      return next(errorFactory.forbidden());\r\n    }\r\n\r\n    const user = await usersServices.getUserById(id);\r\n\r\n    return res.status(200).json({\r\n      success: true,\r\n      message: 'User',\r\n      user,\r\n    });\r\n\r\n  },\r\n  createUser: async (req: Request, res: Response, next: NextFunction) => {\r\n    const { firstName, lastName, email, password } = req.body;\r\n\r\n    if (!firstName || !lastName || !email || !password) {\r\n      return next(errorFactory.badRequest('Check if firstName, lastName, email or password are provided'));\r\n    }\r\n\r\n    const newUser = {\r\n      firstName, \r\n      lastName, \r\n      email, \r\n      password\r\n    }\r\n\r\n    const userId = await usersServices.createUser(newUser);\r\n\r\n    return res.status(200).json({\r\n      success: true,\r\n      message: 'User created',\r\n      userId,\r\n    });\r\n\r\n  },\r\n  updateUser: async (req: Request, res: Response, next: NextFunction) => {\r\n    const id = Number(req.params.id);\r\n    const updatedFields = req.body;\r\n    const userId = await usersServices.getUserById(id);\r\n\r\n    if( userId.id !== res.locals.user.id) {\r\n      return next(errorFactory.forbidden());\r\n    }\r\n\r\n    const updatedRows = await usersServices.updateUser(id, updatedFields);\r\n\r\n    if (updatedRows === 0) {\r\n      return next(errorFactory.badRequest('Check if firstName, lastName, email or password are provided'));\r\n    }\r\n    return res.status(200).json({\r\n      success: true,\r\n      message: 'User updated',\r\n      updatedRows,\r\n    });\r\n  },\r\n  deleteUser: async (req: Request, res: Response, next:NextFunction) => {\r\n    const id = Number(req.params.id);\r\n    const userId = await usersServices.getUserById(id);\r\n\r\n    if( userId.id !== res.locals.user.id) {\r\n      next(errorFactory.forbidden());\r\n    }\r\n    \r\n    const deletedRows = await usersServices.deleteUser(id);\r\n    return res.status(200).json({\r\n      success: true,\r\n      message: 'User deleted',\r\n      deletedRows,\r\n    });\r\n  }\r\n};\r\n\r\nexport default usersControllers;"]},"_coverageSchema":"1a1c01bbd47fc00a2c39e90264f33305004495a9","hash":"f02acc0977b0efabf78d56bf83e785e9e4716477","contentHash":"5db797e61af80b440ffcc6cfcde686c09fe8757dbcda2c0ae33171435a2442b5"},"F:\\TLÜ\\Teine aasta\\Programmeerimine_II\\Tiina_Onemar_Programmeerimine_II\\Homework\\Homework_VI\\src\\components\\users\\usersServices.ts":{"path":"F:\\TLÜ\\Teine aasta\\Programmeerimine_II\\Tiina_Onemar_Programmeerimine_II\\Homework\\Homework_VI\\src\\components\\users\\usersServices.ts","statementMap":{"0":{"start":{"line":2,"column":16},"end":{"line":10,"column":1}},"1":{"start":{"line":3,"column":28},"end":{"line":3,"column":110}},"2":{"start":{"line":3,"column":91},"end":{"line":3,"column":106}},"3":{"start":{"line":4,"column":4},"end":{"line":9,"column":7}},"4":{"start":{"line":5,"column":36},"end":{"line":5,"column":97}},"5":{"start":{"line":5,"column":42},"end":{"line":5,"column":70}},"6":{"start":{"line":5,"column":85},"end":{"line":5,"column":95}},"7":{"start":{"line":6,"column":35},"end":{"line":6,"column":100}},"8":{"start":{"line":6,"column":41},"end":{"line":6,"column":73}},"9":{"start":{"line":6,"column":88},"end":{"line":6,"column":98}},"10":{"start":{"line":7,"column":32},"end":{"line":7,"column":116}},"11":{"start":{"line":8,"column":8},"end":{"line":8,"column":78}},"12":{"start":{"line":11,"column":22},"end":{"line":13,"column":1}},"13":{"start":{"line":12,"column":4},"end":{"line":12,"column":62}},"14":{"start":{"line":14,"column":0},"end":{"line":14,"column":62}},"15":{"start":{"line":15,"column":23},"end":{"line":15,"column":74}},"16":{"start":{"line":16,"column":19},"end":{"line":16,"column":61}},"17":{"start":{"line":17,"column":22},"end":{"line":17,"column":72}},"18":{"start":{"line":18,"column":22},"end":{"line":76,"column":1}},"19":{"start":{"line":19,"column":20},"end":{"line":28,"column":6}},"20":{"start":{"line":20,"column":8},"end":{"line":27,"column":9}},"21":{"start":{"line":21,"column":28},"end":{"line":21,"column":117}},"22":{"start":{"line":22,"column":12},"end":{"line":22,"column":25}},"23":{"start":{"line":25,"column":12},"end":{"line":25,"column":31}},"24":{"start":{"line":26,"column":12},"end":{"line":26,"column":65}},"25":{"start":{"line":29,"column":25},"end":{"line":32,"column":6}},"26":{"start":{"line":30,"column":23},"end":{"line":30,"column":131}},"27":{"start":{"line":31,"column":8},"end":{"line":31,"column":23}},"28":{"start":{"line":33,"column":31},"end":{"line":36,"column":6}},"29":{"start":{"line":34,"column":23},"end":{"line":34,"column":126}},"30":{"start":{"line":35,"column":8},"end":{"line":35,"column":23}},"31":{"start":{"line":37,"column":29},"end":{"line":48,"column":6}},"32":{"start":{"line":38,"column":31},"end":{"line":38,"column":90}},"33":{"start":{"line":39,"column":21},"end":{"line":45,"column":9}},"34":{"start":{"line":46,"column":25},"end":{"line":46,"column":91}},"35":{"start":{"line":47,"column":8},"end":{"line":47,"column":31}},"36":{"start":{"line":49,"column":39},"end":{"line":71,"column":6}},"37":{"start":{"line":50,"column":28},"end":{"line":50,"column":30}},"38":{"start":{"line":51,"column":8},"end":{"line":53,"column":9}},"39":{"start":{"line":52,"column":12},"end":{"line":52,"column":60}},"40":{"start":{"line":54,"column":8},"end":{"line":56,"column":9}},"41":{"start":{"line":55,"column":12},"end":{"line":55,"column":58}},"42":{"start":{"line":57,"column":8},"end":{"line":59,"column":9}},"43":{"start":{"line":58,"column":12},"end":{"line":58,"column":52}},"44":{"start":{"line":60,"column":8},"end":{"line":62,"column":9}},"45":{"start":{"line":61,"column":12},"end":{"line":61,"column":101}},"46":{"start":{"line":63,"column":8},"end":{"line":65,"column":9}},"47":{"start":{"line":64,"column":12},"end":{"line":64,"column":50}},"48":{"start":{"line":66,"column":8},"end":{"line":68,"column":9}},"49":{"start":{"line":67,"column":12},"end":{"line":67,"column":21}},"50":{"start":{"line":69,"column":25},"end":{"line":69,"column":110}},"51":{"start":{"line":70,"column":8},"end":{"line":70,"column":35}},"52":{"start":{"line":72,"column":24},"end":{"line":75,"column":6}},"53":{"start":{"line":73,"column":25},"end":{"line":73,"column":115}},"54":{"start":{"line":74,"column":8},"end":{"line":74,"column":35}},"55":{"start":{"line":77,"column":0},"end":{"line":77,"column":32}}},"fnMap":{"0":{"name":"(anonymous_0)","decl":{"start":{"line":2,"column":44},"end":{"line":2,"column":45}},"loc":{"start":{"line":2,"column":89},"end":{"line":10,"column":1}},"line":2},"1":{"name":"adopt","decl":{"start":{"line":3,"column":13},"end":{"line":3,"column":18}},"loc":{"start":{"line":3,"column":26},"end":{"line":3,"column":112}},"line":3},"2":{"name":"(anonymous_2)","decl":{"start":{"line":3,"column":70},"end":{"line":3,"column":71}},"loc":{"start":{"line":3,"column":89},"end":{"line":3,"column":108}},"line":3},"3":{"name":"(anonymous_3)","decl":{"start":{"line":4,"column":36},"end":{"line":4,"column":37}},"loc":{"start":{"line":4,"column":63},"end":{"line":9,"column":5}},"line":4},"4":{"name":"fulfilled","decl":{"start":{"line":5,"column":17},"end":{"line":5,"column":26}},"loc":{"start":{"line":5,"column":34},"end":{"line":5,"column":99}},"line":5},"5":{"name":"rejected","decl":{"start":{"line":6,"column":17},"end":{"line":6,"column":25}},"loc":{"start":{"line":6,"column":33},"end":{"line":6,"column":102}},"line":6},"6":{"name":"step","decl":{"start":{"line":7,"column":17},"end":{"line":7,"column":21}},"loc":{"start":{"line":7,"column":30},"end":{"line":7,"column":118}},"line":7},"7":{"name":"(anonymous_7)","decl":{"start":{"line":11,"column":56},"end":{"line":11,"column":57}},"loc":{"start":{"line":11,"column":71},"end":{"line":13,"column":1}},"line":11},"8":{"name":"(anonymous_8)","decl":{"start":{"line":19,"column":14},"end":{"line":19,"column":15}},"loc":{"start":{"line":19,"column":20},"end":{"line":28,"column":6}},"line":19},"9":{"name":"(anonymous_9)","decl":{"start":{"line":19,"column":54},"end":{"line":19,"column":55}},"loc":{"start":{"line":19,"column":67},"end":{"line":28,"column":5}},"line":19},"10":{"name":"(anonymous_10)","decl":{"start":{"line":29,"column":17},"end":{"line":29,"column":18}},"loc":{"start":{"line":29,"column":25},"end":{"line":32,"column":6}},"line":29},"11":{"name":"(anonymous_11)","decl":{"start":{"line":29,"column":59},"end":{"line":29,"column":60}},"loc":{"start":{"line":29,"column":72},"end":{"line":32,"column":5}},"line":29},"12":{"name":"(anonymous_12)","decl":{"start":{"line":33,"column":20},"end":{"line":33,"column":21}},"loc":{"start":{"line":33,"column":31},"end":{"line":36,"column":6}},"line":33},"13":{"name":"(anonymous_13)","decl":{"start":{"line":33,"column":65},"end":{"line":33,"column":66}},"loc":{"start":{"line":33,"column":78},"end":{"line":36,"column":5}},"line":33},"14":{"name":"(anonymous_14)","decl":{"start":{"line":37,"column":16},"end":{"line":37,"column":17}},"loc":{"start":{"line":37,"column":29},"end":{"line":48,"column":6}},"line":37},"15":{"name":"(anonymous_15)","decl":{"start":{"line":37,"column":63},"end":{"line":37,"column":64}},"loc":{"start":{"line":37,"column":76},"end":{"line":48,"column":5}},"line":37},"16":{"name":"(anonymous_16)","decl":{"start":{"line":49,"column":16},"end":{"line":49,"column":17}},"loc":{"start":{"line":49,"column":39},"end":{"line":71,"column":6}},"line":49},"17":{"name":"(anonymous_17)","decl":{"start":{"line":49,"column":73},"end":{"line":49,"column":74}},"loc":{"start":{"line":49,"column":86},"end":{"line":71,"column":5}},"line":49},"18":{"name":"(anonymous_18)","decl":{"start":{"line":72,"column":16},"end":{"line":72,"column":17}},"loc":{"start":{"line":72,"column":24},"end":{"line":75,"column":6}},"line":72},"19":{"name":"(anonymous_19)","decl":{"start":{"line":72,"column":58},"end":{"line":72,"column":59}},"loc":{"start":{"line":72,"column":71},"end":{"line":75,"column":5}},"line":72}},"branchMap":{"0":{"loc":{"start":{"line":2,"column":16},"end":{"line":10,"column":1}},"type":"binary-expr","locations":[{"start":{"line":2,"column":17},"end":{"line":2,"column":21}},{"start":{"line":2,"column":25},"end":{"line":2,"column":39}},{"start":{"line":2,"column":44},"end":{"line":10,"column":1}}],"line":2},"1":{"loc":{"start":{"line":3,"column":35},"end":{"line":3,"column":109}},"type":"cond-expr","locations":[{"start":{"line":3,"column":56},"end":{"line":3,"column":61}},{"start":{"line":3,"column":64},"end":{"line":3,"column":109}}],"line":3},"2":{"loc":{"start":{"line":4,"column":16},"end":{"line":4,"column":34}},"type":"binary-expr","locations":[{"start":{"line":4,"column":16},"end":{"line":4,"column":17}},{"start":{"line":4,"column":22},"end":{"line":4,"column":33}}],"line":4},"3":{"loc":{"start":{"line":7,"column":32},"end":{"line":7,"column":115}},"type":"cond-expr","locations":[{"start":{"line":7,"column":46},"end":{"line":7,"column":67}},{"start":{"line":7,"column":70},"end":{"line":7,"column":115}}],"line":7},"4":{"loc":{"start":{"line":8,"column":51},"end":{"line":8,"column":67}},"type":"binary-expr","locations":[{"start":{"line":8,"column":51},"end":{"line":8,"column":61}},{"start":{"line":8,"column":65},"end":{"line":8,"column":67}}],"line":8},"5":{"loc":{"start":{"line":11,"column":22},"end":{"line":13,"column":1}},"type":"binary-expr","locations":[{"start":{"line":11,"column":23},"end":{"line":11,"column":27}},{"start":{"line":11,"column":31},"end":{"line":11,"column":51}},{"start":{"line":11,"column":56},"end":{"line":13,"column":1}}],"line":11},"6":{"loc":{"start":{"line":12,"column":11},"end":{"line":12,"column":61}},"type":"cond-expr","locations":[{"start":{"line":12,"column":37},"end":{"line":12,"column":40}},{"start":{"line":12,"column":43},"end":{"line":12,"column":61}}],"line":12},"7":{"loc":{"start":{"line":12,"column":12},"end":{"line":12,"column":33}},"type":"binary-expr","locations":[{"start":{"line":12,"column":12},"end":{"line":12,"column":15}},{"start":{"line":12,"column":19},"end":{"line":12,"column":33}}],"line":12},"8":{"loc":{"start":{"line":51,"column":8},"end":{"line":53,"column":9}},"type":"if","locations":[{"start":{"line":51,"column":8},"end":{"line":53,"column":9}},{"start":{"line":51,"column":8},"end":{"line":53,"column":9}}],"line":51},"9":{"loc":{"start":{"line":54,"column":8},"end":{"line":56,"column":9}},"type":"if","locations":[{"start":{"line":54,"column":8},"end":{"line":56,"column":9}},{"start":{"line":54,"column":8},"end":{"line":56,"column":9}}],"line":54},"10":{"loc":{"start":{"line":57,"column":8},"end":{"line":59,"column":9}},"type":"if","locations":[{"start":{"line":57,"column":8},"end":{"line":59,"column":9}},{"start":{"line":57,"column":8},"end":{"line":59,"column":9}}],"line":57},"11":{"loc":{"start":{"line":60,"column":8},"end":{"line":62,"column":9}},"type":"if","locations":[{"start":{"line":60,"column":8},"end":{"line":62,"column":9}},{"start":{"line":60,"column":8},"end":{"line":62,"column":9}}],"line":60},"12":{"loc":{"start":{"line":63,"column":8},"end":{"line":65,"column":9}},"type":"if","locations":[{"start":{"line":63,"column":8},"end":{"line":65,"column":9}},{"start":{"line":63,"column":8},"end":{"line":65,"column":9}}],"line":63},"13":{"loc":{"start":{"line":66,"column":8},"end":{"line":68,"column":9}},"type":"if","locations":[{"start":{"line":66,"column":8},"end":{"line":68,"column":9}},{"start":{"line":66,"column":8},"end":{"line":68,"column":9}}],"line":66}},"s":{"0":1,"1":13,"2":0,"3":12,"4":13,"5":13,"6":0,"7":0,"8":0,"9":0,"10":25,"11":12,"12":1,"13":3,"14":1,"15":1,"16":1,"17":1,"18":1,"19":1,"20":1,"21":1,"22":1,"23":0,"24":0,"25":0,"26":0,"27":0,"28":10,"29":10,"30":10,"31":1,"32":1,"33":1,"34":1,"35":1,"36":0,"37":0,"38":0,"39":0,"40":0,"41":0,"42":0,"43":0,"44":0,"45":0,"46":0,"47":0,"48":0,"49":0,"50":0,"51":0,"52":0,"53":0,"54":0,"55":1},"f":{"0":12,"1":13,"2":0,"3":12,"4":13,"5":0,"6":25,"7":3,"8":1,"9":1,"10":0,"11":0,"12":10,"13":10,"14":1,"15":1,"16":0,"17":0,"18":0,"19":0},"b":{"0":[1,1,1],"1":[13,0],"2":[12,12],"3":[12,13],"4":[12,12],"5":[1,1,1],"6":[3,0],"7":[3,3],"8":[0,0],"9":[0,0],"10":[0,0],"11":[0,0],"12":[0,0],"13":[0,0]},"inputSourceMap":{"version":3,"file":"F:/TLÜ/Teine aasta/Programmeerimine_II/Tiina_Onemar_Programmeerimine_II/Homework/Homework_VI/src/components/users/usersServices.ts","sources":["F:/TLÜ/Teine aasta/Programmeerimine_II/Tiina_Onemar_Programmeerimine_II/Homework/Homework_VI/src/components/users/usersServices.ts"],"names":[],"mappings":";;;;;;;;;;;;;;AACA,2EAAmD;AACnD,8DAAsC;AAEtC,yEAAiD;AAEjD,MAAM,aAAa,GAAG;IACpB,QAAQ,EAAE,GAAyC,EAAE;QACnD,IAAI;YACF,MAAM,CAAC,KAAK,CAAC,GAA6B,MAAM,kBAAQ,CAAC,KAAK,CAAC,yDAAyD,CAAC,CAAC;YAC1H,OAAO,KAAK,CAAC;SACd;QAAC,OAAO,KAAU,EAAE;YACnB,OAAO,CAAC,GAAG,CAAC,KAAK,CAAC,CAAC;YACnB,OAAO,IAAI,qBAAW,CAAC,KAAK,CAAC,OAAO,EAAE,GAAG,CAAC,CAAC;SAC5C;IACH,CAAC,CAAA;IACD,WAAW,EAAE,CAAO,EAAU,EAAmB,EAAE;QACjD,MAAM,CAAC,IAAI,CAAC,GAA6B,MAAM,kBAAQ,CAAC,KAAK,CAAC,sEAAsE,EAAE,CAAC,EAAE,CAAC,CAAC,CAAC;QAC5I,OAAO,IAAI,CAAC,CAAC,CAAC,CAAC;IACjB,CAAC,CAAA;IACD,cAAc,EAAE,CAAO,KAAa,EAA8B,EAAE;QAClE,MAAM,CAAC,IAAI,CAAC,GAA6B,MAAM,kBAAQ,CAAC,KAAK,CAAC,8DAA8D,EAAE,CAAC,KAAK,CAAC,CAAC,CAAC;QACvI,OAAO,IAAI,CAAC,CAAC,CAAC,CAAC;IACjB,CAAC,CAAA;IACD,UAAU,EAAE,CAAO,OAAiB,EAAE,EAAE;QACtC,MAAM,cAAc,GAAI,MAAM,sBAAY,CAAC,YAAY,CAAC,OAAO,CAAC,QAAQ,CAAC,CAAC;QAC1E,MAAM,IAAI,GAAG;YACX,SAAS,EAAE,OAAO,CAAC,SAAS;YAC5B,QAAQ,EAAE,OAAO,CAAC,QAAQ;YAC1B,KAAK,EAAE,OAAO,CAAC,KAAK;YACpB,QAAQ,EAAE,cAAc;YACxB,IAAI,EAAE,MAAM;SACb,CAAC;QACF,MAAM,CAAC,MAAM,CAAC,GAAqC,MAAM,kBAAQ,CAAC,KAAK,CAAC,0BAA0B,EAAE,CAAC,IAAI,CAAC,CAAC,CAAC;QAC5G,OAAO,MAAM,CAAC,QAAQ,CAAC;IACzB,CAAC,CAAA;IACD,UAAU,EAAE,CAAO,EAAU,EAAE,aAA6B,EAAE,EAAE;QAC9D,MAAM,WAAW,GAAmB,EAAE,CAAC;QAEvC,IAAI,aAAa,CAAC,SAAS,KAAK,SAAS,EAAE;YACzC,WAAW,CAAC,SAAS,GAAG,aAAa,CAAC,SAAS,CAAC;SACjD;QACD,IAAI,aAAa,CAAC,QAAQ,KAAK,SAAS,EAAE;YACxC,WAAW,CAAC,QAAQ,GAAG,aAAa,CAAC,QAAQ,CAAC;SAC/C;QACD,IAAI,aAAa,CAAC,KAAK,KAAK,SAAS,EAAE;YACrC,WAAW,CAAC,KAAK,GAAG,aAAa,CAAC,KAAK,CAAC;SACzC;QACD,IAAI,aAAa,CAAC,QAAQ,KAAK,SAAS,EAAE;YACxC,WAAW,CAAC,QAAQ,GAAG,MAAM,sBAAY,CAAC,YAAY,CAAC,aAAa,CAAC,QAAQ,CAAC,CAAC;SAChF;QACD,IAAI,aAAa,CAAC,IAAI,KAAK,SAAS,EAAE;YACpC,WAAW,CAAC,IAAI,GAAG,aAAa,CAAC,IAAI,CAAC;SACvC;QAED,IAAI,MAAM,CAAC,IAAI,CAAC,WAAW,CAAC,CAAC,MAAM,KAAK,CAAC,EAAE;YACzC,OAAO,CAAC,CAAC;SACV;QAED,MAAM,CAAC,MAAM,CAAC,GAAqC,MAAM,kBAAQ,CAAC,KAAK,CAAC,kCAAkC,EAAE,CAAC,WAAW,EAAE,EAAE,CAAC,CAAC,CAAC;QAE/H,OAAO,MAAM,CAAC,YAAY,CAAC;IAC7B,CAAC,CAAA;IACD,UAAU,EAAE,CAAO,EAAU,EAAE,EAAE;QAC/B,MAAM,CAAC,MAAM,CAAC,GAAqC,MAAM,kBAAQ,CAAC,KAAK,CAAC,oDAAoD,EAAE,CAAC,EAAE,CAAC,CAAC,CAAC;QACpI,OAAO,MAAM,CAAC,YAAY,CAAC;IAC7B,CAAC,CAAA;CACF,CAAC;AAEF,kBAAe,aAAa,CAAC","sourcesContent":["import { IUser, INewUser } from './usersModels';\r\nimport hashServices from '../helpers/hashServices';\r\nimport database from '../../database';\r\nimport { FieldPacket, ResultSetHeader } from 'mysql2';\r\nimport CustomError from '../helpers/CustomError';\r\n\r\nconst usersServices = {\r\n  getUsers: async (): Promise<IUser[] | CustomError> => {\r\n    try {\r\n      const [users]: [IUser[], FieldPacket[]] = await database.query('SELECT id, firstName, lastName, email, role FROM users;');\r\n      return users;\r\n    } catch (error: any) {\r\n      console.log(error);\r\n      return new CustomError(error.message, 500);\r\n    }\r\n  },\r\n  getUserById: async (id: number): Promise<IUser>  => {\r\n    const [user]: [IUser[], FieldPacket[]] = await database.query('SELECT id, firstName, lastName, email, role FROM users WHERE id = ?;', [id]);\r\n    return user[0];\r\n  },\r\n  getUserByEmail: async (email: string): Promise<IUser | undefined> => {\r\n    const [user]: [IUser[], FieldPacket[]] = await database.query('SELECT * FROM users WHERE email = ? AND deletedDate IS NULL;', [email]);\r\n    return user[0];\r\n  },\r\n  createUser: async (newUser: INewUser) => {\r\n    const hashedPassword =  await hashServices.hashPassword(newUser.password);\r\n    const user = {\r\n      firstName: newUser.firstName,\r\n      lastName: newUser.lastName,\r\n      email: newUser.email,\r\n      password: hashedPassword,\r\n      role: 'User',\r\n    };\r\n    const [result]: [ResultSetHeader, FieldPacket[]] = await database.query('INSERT INTO users SET ?;', [user]);\r\n    return result.insertId;\r\n  },\r\n  updateUser: async (id: number, updatedFields: Partial<IUser>) => {\r\n    const validFields: Partial<IUser> = {};\r\n    \r\n    if (updatedFields.firstName !== undefined) {\r\n      validFields.firstName = updatedFields.firstName;\r\n    }\r\n    if (updatedFields.lastName !== undefined) {\r\n      validFields.lastName = updatedFields.lastName;\r\n    }\r\n    if (updatedFields.email !== undefined) {\r\n      validFields.email = updatedFields.email;\r\n    }\r\n    if (updatedFields.password !== undefined) {\r\n      validFields.password = await hashServices.hashPassword(updatedFields.password);\r\n    }\r\n    if (updatedFields.role !== undefined) {\r\n      validFields.role = updatedFields.role;\r\n    }\r\n\r\n    if (Object.keys(validFields).length === 0) {\r\n      return 0;\r\n    }\r\n  \r\n    const [result]: [ResultSetHeader, FieldPacket[]] = await database.query('UPDATE users SET ? WHERE id = ?;', [validFields, id]);\r\n  \r\n    return result.affectedRows;\r\n  },\r\n  deleteUser: async (id: number) => {\r\n    const [result]: [ResultSetHeader, FieldPacket[]] = await database.query('UPDATE users SET deletedDate = NOW() WHERE id = ?;', [id]);\r\n    return result.affectedRows;\r\n  }\r\n};\r\n\r\nexport default usersServices;"]},"_coverageSchema":"1a1c01bbd47fc00a2c39e90264f33305004495a9","hash":"0ee18d02ac4576a039ad6238b8ca20c9f15e09d2","contentHash":"4bd71a50425c93d6fd124cd8f0f3d47ee4d499e0432087303d47b58ade15e844"},"F:\\TLÜ\\Teine aasta\\Programmeerimine_II\\Tiina_Onemar_Programmeerimine_II\\Homework\\Homework_VI\\src\\components\\helpers\\hashServices.ts":{"path":"F:\\TLÜ\\Teine aasta\\Programmeerimine_II\\Tiina_Onemar_Programmeerimine_II\\Homework\\Homework_VI\\src\\components\\helpers\\hashServices.ts","statementMap":{"0":{"start":{"line":2,"column":16},"end":{"line":10,"column":1}},"1":{"start":{"line":3,"column":28},"end":{"line":3,"column":110}},"2":{"start":{"line":3,"column":91},"end":{"line":3,"column":106}},"3":{"start":{"line":4,"column":4},"end":{"line":9,"column":7}},"4":{"start":{"line":5,"column":36},"end":{"line":5,"column":97}},"5":{"start":{"line":5,"column":42},"end":{"line":5,"column":70}},"6":{"start":{"line":5,"column":85},"end":{"line":5,"column":95}},"7":{"start":{"line":6,"column":35},"end":{"line":6,"column":100}},"8":{"start":{"line":6,"column":41},"end":{"line":6,"column":73}},"9":{"start":{"line":6,"column":88},"end":{"line":6,"column":98}},"10":{"start":{"line":7,"column":32},"end":{"line":7,"column":116}},"11":{"start":{"line":8,"column":8},"end":{"line":8,"column":78}},"12":{"start":{"line":11,"column":22},"end":{"line":13,"column":1}},"13":{"start":{"line":12,"column":4},"end":{"line":12,"column":62}},"14":{"start":{"line":14,"column":0},"end":{"line":14,"column":62}},"15":{"start":{"line":15,"column":17},"end":{"line":15,"column":51}},"16":{"start":{"line":16,"column":17},"end":{"line":16,"column":57}},"17":{"start":{"line":17,"column":21},"end":{"line":24,"column":1}},"18":{"start":{"line":18,"column":32},"end":{"line":20,"column":6}},"19":{"start":{"line":19,"column":8},"end":{"line":19,"column":82}},"20":{"start":{"line":21,"column":42},"end":{"line":23,"column":6}},"21":{"start":{"line":22,"column":8},"end":{"line":22,"column":62}},"22":{"start":{"line":25,"column":0},"end":{"line":25,"column":31}}},"fnMap":{"0":{"name":"(anonymous_0)","decl":{"start":{"line":2,"column":44},"end":{"line":2,"column":45}},"loc":{"start":{"line":2,"column":89},"end":{"line":10,"column":1}},"line":2},"1":{"name":"adopt","decl":{"start":{"line":3,"column":13},"end":{"line":3,"column":18}},"loc":{"start":{"line":3,"column":26},"end":{"line":3,"column":112}},"line":3},"2":{"name":"(anonymous_2)","decl":{"start":{"line":3,"column":70},"end":{"line":3,"column":71}},"loc":{"start":{"line":3,"column":89},"end":{"line":3,"column":108}},"line":3},"3":{"name":"(anonymous_3)","decl":{"start":{"line":4,"column":36},"end":{"line":4,"column":37}},"loc":{"start":{"line":4,"column":63},"end":{"line":9,"column":5}},"line":4},"4":{"name":"fulfilled","decl":{"start":{"line":5,"column":17},"end":{"line":5,"column":26}},"loc":{"start":{"line":5,"column":34},"end":{"line":5,"column":99}},"line":5},"5":{"name":"rejected","decl":{"start":{"line":6,"column":17},"end":{"line":6,"column":25}},"loc":{"start":{"line":6,"column":33},"end":{"line":6,"column":102}},"line":6},"6":{"name":"step","decl":{"start":{"line":7,"column":17},"end":{"line":7,"column":21}},"loc":{"start":{"line":7,"column":30},"end":{"line":7,"column":118}},"line":7},"7":{"name":"(anonymous_7)","decl":{"start":{"line":11,"column":56},"end":{"line":11,"column":57}},"loc":{"start":{"line":11,"column":71},"end":{"line":13,"column":1}},"line":11},"8":{"name":"(anonymous_8)","decl":{"start":{"line":18,"column":18},"end":{"line":18,"column":19}},"loc":{"start":{"line":18,"column":32},"end":{"line":20,"column":6}},"line":18},"9":{"name":"(anonymous_9)","decl":{"start":{"line":18,"column":66},"end":{"line":18,"column":67}},"loc":{"start":{"line":18,"column":79},"end":{"line":20,"column":5}},"line":18},"10":{"name":"(anonymous_10)","decl":{"start":{"line":21,"column":22},"end":{"line":21,"column":23}},"loc":{"start":{"line":21,"column":42},"end":{"line":23,"column":6}},"line":21},"11":{"name":"(anonymous_11)","decl":{"start":{"line":21,"column":76},"end":{"line":21,"column":77}},"loc":{"start":{"line":21,"column":89},"end":{"line":23,"column":5}},"line":21}},"branchMap":{"0":{"loc":{"start":{"line":2,"column":16},"end":{"line":10,"column":1}},"type":"binary-expr","locations":[{"start":{"line":2,"column":17},"end":{"line":2,"column":21}},{"start":{"line":2,"column":25},"end":{"line":2,"column":39}},{"start":{"line":2,"column":44},"end":{"line":10,"column":1}}],"line":2},"1":{"loc":{"start":{"line":3,"column":35},"end":{"line":3,"column":109}},"type":"cond-expr","locations":[{"start":{"line":3,"column":56},"end":{"line":3,"column":61}},{"start":{"line":3,"column":64},"end":{"line":3,"column":109}}],"line":3},"2":{"loc":{"start":{"line":4,"column":16},"end":{"line":4,"column":34}},"type":"binary-expr","locations":[{"start":{"line":4,"column":16},"end":{"line":4,"column":17}},{"start":{"line":4,"column":22},"end":{"line":4,"column":33}}],"line":4},"3":{"loc":{"start":{"line":7,"column":32},"end":{"line":7,"column":115}},"type":"cond-expr","locations":[{"start":{"line":7,"column":46},"end":{"line":7,"column":67}},{"start":{"line":7,"column":70},"end":{"line":7,"column":115}}],"line":7},"4":{"loc":{"start":{"line":8,"column":51},"end":{"line":8,"column":67}},"type":"binary-expr","locations":[{"start":{"line":8,"column":51},"end":{"line":8,"column":61}},{"start":{"line":8,"column":65},"end":{"line":8,"column":67}}],"line":8},"5":{"loc":{"start":{"line":11,"column":22},"end":{"line":13,"column":1}},"type":"binary-expr","locations":[{"start":{"line":11,"column":23},"end":{"line":11,"column":27}},{"start":{"line":11,"column":31},"end":{"line":11,"column":51}},{"start":{"line":11,"column":56},"end":{"line":13,"column":1}}],"line":11},"6":{"loc":{"start":{"line":12,"column":11},"end":{"line":12,"column":61}},"type":"cond-expr","locations":[{"start":{"line":12,"column":37},"end":{"line":12,"column":40}},{"start":{"line":12,"column":43},"end":{"line":12,"column":61}}],"line":12},"7":{"loc":{"start":{"line":12,"column":12},"end":{"line":12,"column":33}},"type":"binary-expr","locations":[{"start":{"line":12,"column":12},"end":{"line":12,"column":15}},{"start":{"line":12,"column":19},"end":{"line":12,"column":33}}],"line":12}},"s":{"0":1,"1":10,"2":0,"3":10,"4":10,"5":10,"6":0,"7":0,"8":0,"9":0,"10":20,"11":10,"12":1,"13":2,"14":1,"15":1,"16":1,"17":1,"18":1,"19":1,"20":9,"21":9,"22":1},"f":{"0":10,"1":10,"2":0,"3":10,"4":10,"5":0,"6":20,"7":2,"8":1,"9":1,"10":9,"11":9},"b":{"0":[1,1,1],"1":[10,0],"2":[10,10],"3":[10,10],"4":[10,10],"5":[1,1,1],"6":[1,1],"7":[2,2]},"inputSourceMap":{"version":3,"file":"F:/TLÜ/Teine aasta/Programmeerimine_II/Tiina_Onemar_Programmeerimine_II/Homework/Homework_VI/src/components/helpers/hashServices.ts","sources":["F:/TLÜ/Teine aasta/Programmeerimine_II/Tiina_Onemar_Programmeerimine_II/Homework/Homework_VI/src/components/helpers/hashServices.ts"],"names":[],"mappings":";;;;;;;;;;;;;;AAAA,oDAA4B;AAC5B,0DAAkC;AAElC,MAAM,YAAY,GAAG;IACjB,YAAY,EAAE,CAAO,QAAgB,EAAE,EAAE;QACrC,OAAO,MAAM,gBAAM,CAAC,IAAI,CAAC,QAAQ,EAAE,gBAAM,CAAC,UAAU,CAAC,CAAC;IAC1D,CAAC,CAAA;IACD,gBAAgB,EAAE,CAAO,QAAgB,EAAE,IAAY,EAAE,EAAE;QACvD,OAAO,MAAM,gBAAM,CAAC,OAAO,CAAC,QAAQ,EAAE,IAAI,CAAC,CAAC;IAChD,CAAC,CAAA;CACJ,CAAC;AAEF,kBAAe,YAAY,CAAC","sourcesContent":["import bcrypt from 'bcrypt';\r\nimport config from '../../config';\r\n\r\nconst hashServices = {\r\n    hashPassword: async (password: string) => {\r\n        return await bcrypt.hash(password, config.saltRounds);\r\n    },\r\n    comparePasswords: async (password: string, hash: string) => {\r\n        return await bcrypt.compare(password, hash);\r\n    },\r\n};\r\n\r\nexport default hashServices;"]},"_coverageSchema":"1a1c01bbd47fc00a2c39e90264f33305004495a9","hash":"c9f6a1f0ca8974376a08843ce0e821866c485863","contentHash":"f8bf8c2cea52f891f16fc1f9ca04b39db9a713774b1dde4472ef82de627e97b5"},"F:\\TLÜ\\Teine aasta\\Programmeerimine_II\\Tiina_Onemar_Programmeerimine_II\\Homework\\Homework_VI\\src\\config.ts":{"path":"F:\\TLÜ\\Teine aasta\\Programmeerimine_II\\Tiina_Onemar_Programmeerimine_II\\Homework\\Homework_VI\\src\\config.ts","statementMap":{"0":{"start":{"line":2,"column":0},"end":{"line":2,"column":62}},"1":{"start":{"line":3,"column":15},"end":{"line":22,"column":1}},"2":{"start":{"line":23,"column":0},"end":{"line":23,"column":25}}},"fnMap":{},"branchMap":{},"s":{"0":1,"1":1,"2":1},"f":{},"b":{},"inputSourceMap":{"version":3,"file":"F:/TLÜ/Teine aasta/Programmeerimine_II/Tiina_Onemar_Programmeerimine_II/Homework/Homework_VI/src/config.ts","sources":["F:/TLÜ/Teine aasta/Programmeerimine_II/Tiina_Onemar_Programmeerimine_II/Homework/Homework_VI/src/config.ts"],"names":[],"mappings":";;AAAA,MAAM,MAAM,GAAG;IACb,IAAI,EAAE,IAAI;IACV,SAAS,EAAE,aAAa;IACxB,YAAY,EAAE,IAAI;IAClB,UAAU,EAAE,EAAE;IACd,EAAE,EAAE;QACF,GAAG,EAAE;YACH,IAAI,EAAE,WAAW;YACjB,IAAI,EAAE,MAAM;YACZ,QAAQ,EAAE,cAAc;YACxB,QAAQ,EAAE,OAAO;SAClB;QACD,IAAI,EAAE;YACJ,IAAI,EAAE,WAAW;YACjB,IAAI,EAAE,MAAM;YACZ,QAAQ,EAAE,cAAc;YACxB,QAAQ,EAAE,QAAQ;SACnB;KACF;CACF,CAAC;AAEF,kBAAe,MAAM,CAAC","sourcesContent":["const config = {\r\n  port: 3000,\r\n  jwtSecret: 'placeholder',\r\n  jwtExpiresIn: '1h',\r\n  saltRounds: 10,\r\n  db: {\r\n    dev: {\r\n      host: 'localhost',\r\n      user: 'root',\r\n      password: 'my-secret-pw',\r\n      database: 'tasks',\r\n    },\r\n    test: {\r\n      host: 'localhost',\r\n      user: 'root',\r\n      password: 'my-secret-pw',\r\n      database: 'testDB',\r\n    },\r\n  },\r\n};\r\n\r\nexport default config;"]},"_coverageSchema":"1a1c01bbd47fc00a2c39e90264f33305004495a9","hash":"6c1d78b081d0facfb592b5ef5ac67119ee370cc8","contentHash":"ece4b67a1ff0c65de4a229761bcab25397462f180c309db5fd04c50af0a03f1f"},"F:\\TLÜ\\Teine aasta\\Programmeerimine_II\\Tiina_Onemar_Programmeerimine_II\\Homework\\Homework_VI\\src\\database.ts":{"path":"F:\\TLÜ\\Teine aasta\\Programmeerimine_II\\Tiina_Onemar_Programmeerimine_II\\Homework\\Homework_VI\\src\\database.ts","statementMap":{"0":{"start":{"line":2,"column":22},"end":{"line":4,"column":1}},"1":{"start":{"line":3,"column":4},"end":{"line":3,"column":62}},"2":{"start":{"line":5,"column":0},"end":{"line":5,"column":62}},"3":{"start":{"line":6,"column":17},"end":{"line":6,"column":51}},"4":{"start":{"line":7,"column":17},"end":{"line":7,"column":53}},"5":{"start":{"line":8,"column":17},"end":{"line":8,"column":36}},"6":{"start":{"line":9,"column":11},"end":{"line":9,"column":95}},"7":{"start":{"line":10,"column":0},"end":{"line":10,"column":21}}},"fnMap":{"0":{"name":"(anonymous_0)","decl":{"start":{"line":2,"column":56},"end":{"line":2,"column":57}},"loc":{"start":{"line":2,"column":71},"end":{"line":4,"column":1}},"line":2}},"branchMap":{"0":{"loc":{"start":{"line":2,"column":22},"end":{"line":4,"column":1}},"type":"binary-expr","locations":[{"start":{"line":2,"column":23},"end":{"line":2,"column":27}},{"start":{"line":2,"column":31},"end":{"line":2,"column":51}},{"start":{"line":2,"column":56},"end":{"line":4,"column":1}}],"line":2},"1":{"loc":{"start":{"line":3,"column":11},"end":{"line":3,"column":61}},"type":"cond-expr","locations":[{"start":{"line":3,"column":37},"end":{"line":3,"column":40}},{"start":{"line":3,"column":43},"end":{"line":3,"column":61}}],"line":3},"2":{"loc":{"start":{"line":3,"column":12},"end":{"line":3,"column":33}},"type":"binary-expr","locations":[{"start":{"line":3,"column":12},"end":{"line":3,"column":15}},{"start":{"line":3,"column":19},"end":{"line":3,"column":33}}],"line":3},"3":{"loc":{"start":{"line":9,"column":54},"end":{"line":9,"column":83}},"type":"binary-expr","locations":[{"start":{"line":9,"column":54},"end":{"line":9,"column":74}},{"start":{"line":9,"column":78},"end":{"line":9,"column":83}}],"line":9}},"s":{"0":1,"1":2,"2":1,"3":1,"4":1,"5":1,"6":1,"7":1},"f":{"0":2},"b":{"0":[1,1,1],"1":[1,1],"2":[2,2],"3":[1,0]},"inputSourceMap":{"version":3,"file":"F:/TLÜ/Teine aasta/Programmeerimine_II/Tiina_Onemar_Programmeerimine_II/Homework/Homework_VI/src/database.ts","sources":["F:/TLÜ/Teine aasta/Programmeerimine_II/Tiina_Onemar_Programmeerimine_II/Homework/Homework_VI/src/database.ts"],"names":[],"mappings":";;;;;AAAA,oDAA4B;AAC5B,sDAA8B;AAW9B,MAAM,QAAQ,GAAe,gBAAM,CAAC,EAAE,CAAC;AAEvC,MAAM,EAAE,GAAG,gBAAM,CAAC,gBAAgB,CAAC,QAAQ,CAAC,OAAO,CAAC,GAAG,CAAC,QAAQ,IAAI,KAAK,CAAC,CAAC,CAAC,OAAO,EAAE,CAAC;AAEtF,kBAAe,EAAE,CAAC","sourcesContent":["import mysql2 from 'mysql2';\r\nimport config from './config';\r\n\r\ninterface IDBConfig {\r\n  [key: string]: {\r\n      host: string;\r\n      user: string;\r\n      password: string;\r\n      database: string;\r\n  }\r\n}\r\n\r\nconst dbConfig : IDBConfig = config.db;\r\n\r\nconst db = mysql2.createConnection(dbConfig[process.env.NODE_ENV || 'dev']).promise();\r\n\r\nexport default db;\r\n"]},"_coverageSchema":"1a1c01bbd47fc00a2c39e90264f33305004495a9","hash":"22b9d957fecb0f9c5a34c3a363270a69ecbf8bd0","contentHash":"7081836a7112c6043bf6371d246c1f6aeb9c0eb75d6655e30c2b6ecfeeae263f"},"F:\\TLÜ\\Teine aasta\\Programmeerimine_II\\Tiina_Onemar_Programmeerimine_II\\Homework\\Homework_VI\\src\\components\\helpers\\CustomError.ts":{"path":"F:\\TLÜ\\Teine aasta\\Programmeerimine_II\\Tiina_Onemar_Programmeerimine_II\\Homework\\Homework_VI\\src\\components\\helpers\\CustomError.ts","statementMap":{"0":{"start":{"line":2,"column":0},"end":{"line":2,"column":62}},"1":{"start":{"line":5,"column":8},"end":{"line":5,"column":23}},"2":{"start":{"line":6,"column":8},"end":{"line":6,"column":34}},"3":{"start":{"line":7,"column":8},"end":{"line":7,"column":37}},"4":{"start":{"line":10,"column":0},"end":{"line":10,"column":30}}},"fnMap":{"0":{"name":"(anonymous_0)","decl":{"start":{"line":4,"column":4},"end":{"line":4,"column":5}},"loc":{"start":{"line":4,"column":37},"end":{"line":8,"column":5}},"line":4}},"branchMap":{},"s":{"0":1,"1":7,"2":7,"3":7,"4":1},"f":{"0":7},"b":{},"inputSourceMap":{"version":3,"file":"F:/TLÜ/Teine aasta/Programmeerimine_II/Tiina_Onemar_Programmeerimine_II/Homework/Homework_VI/src/components/helpers/CustomError.ts","sources":["F:/TLÜ/Teine aasta/Programmeerimine_II/Tiina_Onemar_Programmeerimine_II/Homework/Homework_VI/src/components/helpers/CustomError.ts"],"names":[],"mappings":";;AAAA,MAAM,WAAY,SAAQ,KAAK;IAE7B,YAAY,OAAe,EAAE,UAAkB;QAC3C,KAAK,CAAC,OAAO,CAAC,CAAC;QACf,IAAI,CAAC,IAAI,GAAG,aAAa,CAAC;QAC1B,IAAI,CAAC,UAAU,GAAG,UAAU,CAAC;IACnC,CAAC;CACA;AAED,kBAAe,WAAW,CAAC","sourcesContent":["class CustomError extends Error {\r\n  statusCode: number;\r\n  constructor(message: string, statusCode: number) {\r\n      super(message);\r\n      this.name = \"CustomError\";\r\n      this.statusCode = statusCode;\r\n}\r\n}\r\n\r\nexport default CustomError;\r\n"]},"_coverageSchema":"1a1c01bbd47fc00a2c39e90264f33305004495a9","hash":"98f5054d6103c71959aed7a7e056f70c9ab83077","contentHash":"e7383e2fb8113eddd784d061fc070b0213def5e04095ee1d9194543c98d59354"},"F:\\TLÜ\\Teine aasta\\Programmeerimine_II\\Tiina_Onemar_Programmeerimine_II\\Homework\\Homework_VI\\src\\components\\helpers\\errorFactory.ts":{"path":"F:\\TLÜ\\Teine aasta\\Programmeerimine_II\\Tiina_Onemar_Programmeerimine_II\\Homework\\Homework_VI\\src\\components\\helpers\\errorFactory.ts","statementMap":{"0":{"start":{"line":2,"column":22},"end":{"line":4,"column":1}},"1":{"start":{"line":3,"column":4},"end":{"line":3,"column":62}},"2":{"start":{"line":5,"column":0},"end":{"line":5,"column":62}},"3":{"start":{"line":6,"column":22},"end":{"line":6,"column":63}},"4":{"start":{"line":7,"column":21},"end":{"line":23,"column":1}},"5":{"start":{"line":9,"column":8},"end":{"line":9,"column":55}},"6":{"start":{"line":12,"column":8},"end":{"line":12,"column":55}},"7":{"start":{"line":15,"column":8},"end":{"line":15,"column":55}},"8":{"start":{"line":18,"column":8},"end":{"line":18,"column":55}},"9":{"start":{"line":21,"column":8},"end":{"line":21,"column":55}},"10":{"start":{"line":24,"column":0},"end":{"line":24,"column":31}}},"fnMap":{"0":{"name":"(anonymous_0)","decl":{"start":{"line":2,"column":56},"end":{"line":2,"column":57}},"loc":{"start":{"line":2,"column":71},"end":{"line":4,"column":1}},"line":2},"1":{"name":"(anonymous_1)","decl":{"start":{"line":8,"column":14},"end":{"line":8,"column":15}},"loc":{"start":{"line":8,"column":41},"end":{"line":10,"column":5}},"line":8},"2":{"name":"(anonymous_2)","decl":{"start":{"line":11,"column":17},"end":{"line":11,"column":18}},"loc":{"start":{"line":11,"column":47},"end":{"line":13,"column":5}},"line":11},"3":{"name":"(anonymous_3)","decl":{"start":{"line":14,"column":15},"end":{"line":14,"column":16}},"loc":{"start":{"line":14,"column":42},"end":{"line":16,"column":5}},"line":14},"4":{"name":"(anonymous_4)","decl":{"start":{"line":17,"column":16},"end":{"line":17,"column":17}},"loc":{"start":{"line":17,"column":45},"end":{"line":19,"column":5}},"line":17},"5":{"name":"(anonymous_5)","decl":{"start":{"line":20,"column":18},"end":{"line":20,"column":19}},"loc":{"start":{"line":20,"column":48},"end":{"line":22,"column":5}},"line":20}},"branchMap":{"0":{"loc":{"start":{"line":2,"column":22},"end":{"line":4,"column":1}},"type":"binary-expr","locations":[{"start":{"line":2,"column":23},"end":{"line":2,"column":27}},{"start":{"line":2,"column":31},"end":{"line":2,"column":51}},{"start":{"line":2,"column":56},"end":{"line":4,"column":1}}],"line":2},"1":{"loc":{"start":{"line":3,"column":11},"end":{"line":3,"column":61}},"type":"cond-expr","locations":[{"start":{"line":3,"column":37},"end":{"line":3,"column":40}},{"start":{"line":3,"column":43},"end":{"line":3,"column":61}}],"line":3},"2":{"loc":{"start":{"line":3,"column":12},"end":{"line":3,"column":33}},"type":"binary-expr","locations":[{"start":{"line":3,"column":12},"end":{"line":3,"column":15}},{"start":{"line":3,"column":19},"end":{"line":3,"column":33}}],"line":3},"3":{"loc":{"start":{"line":8,"column":15},"end":{"line":8,"column":36}},"type":"default-arg","locations":[{"start":{"line":8,"column":25},"end":{"line":8,"column":36}}],"line":8},"4":{"loc":{"start":{"line":11,"column":18},"end":{"line":11,"column":42}},"type":"default-arg","locations":[{"start":{"line":11,"column":28},"end":{"line":11,"column":42}}],"line":11},"5":{"loc":{"start":{"line":14,"column":16},"end":{"line":14,"column":37}},"type":"default-arg","locations":[{"start":{"line":14,"column":26},"end":{"line":14,"column":37}}],"line":14},"6":{"loc":{"start":{"line":17,"column":17},"end":{"line":17,"column":40}},"type":"default-arg","locations":[{"start":{"line":17,"column":27},"end":{"line":17,"column":40}}],"line":17},"7":{"loc":{"start":{"line":20,"column":19},"end":{"line":20,"column":43}},"type":"default-arg","locations":[{"start":{"line":20,"column":29},"end":{"line":20,"column":43}}],"line":20}},"s":{"0":1,"1":1,"2":1,"3":1,"4":1,"5":1,"6":0,"7":1,"8":5,"9":0,"10":1},"f":{"0":1,"1":1,"2":0,"3":1,"4":5,"5":0},"b":{"0":[1,1,1],"1":[1,0],"2":[1,1],"3":[0],"4":[0],"5":[1],"6":[3],"7":[0]},"inputSourceMap":{"version":3,"file":"F:/TLÜ/Teine aasta/Programmeerimine_II/Tiina_Onemar_Programmeerimine_II/Homework/Homework_VI/src/components/helpers/errorFactory.ts","sources":["F:/TLÜ/Teine aasta/Programmeerimine_II/Tiina_Onemar_Programmeerimine_II/Homework/Homework_VI/src/components/helpers/errorFactory.ts"],"names":[],"mappings":";;;;;AAAA,gEAAwC;AAExC,MAAM,YAAY,GAAG;IACjB,QAAQ,EAAE,CAAC,UAAkB,WAAW,EAAE,EAAE;QACxC,OAAO,IAAI,qBAAW,CAAC,OAAO,EAAE,GAAG,CAAC,CAAC;IACzC,CAAC;IACD,WAAW,EAAE,CAAC,UAAkB,cAAc,EAAE,EAAE;QAC9C,OAAO,IAAI,qBAAW,CAAC,OAAO,EAAE,GAAG,CAAC,CAAC;IACzC,CAAC;IACD,SAAS,EAAE,CAAC,UAAkB,WAAW,EAAE,EAAE;QACzC,OAAO,IAAI,qBAAW,CAAC,OAAO,EAAE,GAAG,CAAC,CAAC;IACzC,CAAC;IACD,UAAU,EAAE,CAAC,UAAkB,aAAa,EAAE,EAAE;QAC5C,OAAO,IAAI,qBAAW,CAAC,OAAO,EAAE,GAAG,CAAC,CAAC;IACzC,CAAC;IACD,YAAY,EAAE,CAAC,UAAkB,cAAc,EAAE,EAAE;QAC/C,OAAO,IAAI,qBAAW,CAAC,OAAO,EAAE,GAAG,CAAC,CAAC;IACzC,CAAC;CACJ,CAAA;AAED,kBAAe,YAAY,CAAC","sourcesContent":["import CustomError from './CustomError';\r\n\r\nconst errorFactory = {\r\n    notFound: (message: string = 'Not found') => {\r\n        return new CustomError(message, 404);\r\n    },\r\n    serverError: (message: string = 'Server error') => {\r\n        return new CustomError(message, 500);\r\n    },\r\n    forbidden: (message: string = 'Forbidden') => {\r\n        return new CustomError(message, 403);\r\n    },\r\n    badRequest: (message: string = 'Bad request') => {\r\n        return new CustomError(message, 400);\r\n    },\r\n    unauthorized: (message: string = 'Unauthorized') => {\r\n        return new CustomError(message, 401);\r\n    }\r\n}\r\n\r\nexport default errorFactory;\r\n"]},"_coverageSchema":"1a1c01bbd47fc00a2c39e90264f33305004495a9","hash":"c28d662cd10f71013c7d182a44bdd1d3aa94d84b","contentHash":"3adf037ddbbbfb81f408f8a5166599c4812d8e0edc3e0bcaf589bc534b5295a7"},"F:\\TLÜ\\Teine aasta\\Programmeerimine_II\\Tiina_Onemar_Programmeerimine_II\\Homework\\Homework_VI\\src\\components\\logger\\loggerControllers.ts":{"path":"F:\\TLÜ\\Teine aasta\\Programmeerimine_II\\Tiina_Onemar_Programmeerimine_II\\Homework\\Homework_VI\\src\\components\\logger\\loggerControllers.ts","statementMap":{"0":{"start":{"line":2,"column":22},"end":{"line":4,"column":1}},"1":{"start":{"line":3,"column":4},"end":{"line":3,"column":62}},"2":{"start":{"line":5,"column":0},"end":{"line":5,"column":62}},"3":{"start":{"line":6,"column":25},"end":{"line":6,"column":69}},"4":{"start":{"line":7,"column":26},"end":{"line":16,"column":1}},"5":{"start":{"line":9,"column":21},"end":{"line":9,"column":55}},"6":{"start":{"line":10,"column":8},"end":{"line":14,"column":11}},"7":{"start":{"line":17,"column":0},"end":{"line":17,"column":36}}},"fnMap":{"0":{"name":"(anonymous_0)","decl":{"start":{"line":2,"column":56},"end":{"line":2,"column":57}},"loc":{"start":{"line":2,"column":71},"end":{"line":4,"column":1}},"line":2},"1":{"name":"(anonymous_1)","decl":{"start":{"line":8,"column":13},"end":{"line":8,"column":14}},"loc":{"start":{"line":8,"column":27},"end":{"line":15,"column":5}},"line":8}},"branchMap":{"0":{"loc":{"start":{"line":2,"column":22},"end":{"line":4,"column":1}},"type":"binary-expr","locations":[{"start":{"line":2,"column":23},"end":{"line":2,"column":27}},{"start":{"line":2,"column":31},"end":{"line":2,"column":51}},{"start":{"line":2,"column":56},"end":{"line":4,"column":1}}],"line":2},"1":{"loc":{"start":{"line":3,"column":11},"end":{"line":3,"column":61}},"type":"cond-expr","locations":[{"start":{"line":3,"column":37},"end":{"line":3,"column":40}},{"start":{"line":3,"column":43},"end":{"line":3,"column":61}}],"line":3},"2":{"loc":{"start":{"line":3,"column":12},"end":{"line":3,"column":33}},"type":"binary-expr","locations":[{"start":{"line":3,"column":12},"end":{"line":3,"column":15}},{"start":{"line":3,"column":19},"end":{"line":3,"column":33}}],"line":3}},"s":{"0":1,"1":1,"2":1,"3":1,"4":1,"5":0,"6":0,"7":1},"f":{"0":1,"1":0},"b":{"0":[1,1,1],"1":[1,0],"2":[1,1]},"inputSourceMap":{"version":3,"file":"F:/TLÜ/Teine aasta/Programmeerimine_II/Tiina_Onemar_Programmeerimine_II/Homework/Homework_VI/src/components/logger/loggerControllers.ts","sources":["F:/TLÜ/Teine aasta/Programmeerimine_II/Tiina_Onemar_Programmeerimine_II/Homework/Homework_VI/src/components/logger/loggerControllers.ts"],"names":[],"mappings":";;;;;AACA,sEAA8C;AAE9C,MAAM,iBAAiB,GAAG;IACxB,OAAO,EAAE,CAAC,GAAY,EAAE,GAAa,EAAE,EAAE;QACvC,MAAM,IAAI,GAAG,wBAAc,CAAC,OAAO,EAAE,CAAC;QACtC,OAAO,GAAG,CAAC,MAAM,CAAC,GAAG,CAAC,CAAC,IAAI,CAAC;YAC1B,OAAO,EAAE,IAAI;YACb,OAAO,EAAE,gBAAgB;YACzB,IAAI;SACL,CAAC,CAAC;IACL,CAAC;CACF,CAAC;AAEF,kBAAe,iBAAiB,CAAC","sourcesContent":["import { Response, Request } from 'express';\nimport loggerServices from './loggerServices';\n\nconst loggerControllers = {\n  getLogs: (req: Request, res: Response) => {\n    const logs = loggerServices.getLogs();\n    return res.status(200).json({\n      success: true,\n      message: 'List of events',\n      logs,\n    });\n  },\n};\n\nexport default loggerControllers;"]},"_coverageSchema":"1a1c01bbd47fc00a2c39e90264f33305004495a9","hash":"ca70a6515a3425ccd6bfa282548c36e4d8417267","contentHash":"b0ec81a2b24b1ec7382fbb59ed25b5fed4ccaaba528d65d3b0ebbd0cbbea8f0a"},"F:\\TLÜ\\Teine aasta\\Programmeerimine_II\\Tiina_Onemar_Programmeerimine_II\\Homework\\Homework_VI\\src\\components\\logger\\loggerServices.ts":{"path":"F:\\TLÜ\\Teine aasta\\Programmeerimine_II\\Tiina_Onemar_Programmeerimine_II\\Homework\\Homework_VI\\src\\components\\logger\\loggerServices.ts","statementMap":{"0":{"start":{"line":2,"column":0},"end":{"line":2,"column":62}},"1":{"start":{"line":3,"column":13},"end":{"line":3,"column":32}},"2":{"start":{"line":4,"column":23},"end":{"line":9,"column":1}},"3":{"start":{"line":6,"column":8},"end":{"line":6,"column":33}},"4":{"start":{"line":8,"column":19},"end":{"line":8,"column":31}},"5":{"start":{"line":10,"column":0},"end":{"line":10,"column":33}}},"fnMap":{"0":{"name":"(anonymous_0)","decl":{"start":{"line":5,"column":14},"end":{"line":5,"column":15}},"loc":{"start":{"line":5,"column":25},"end":{"line":7,"column":5}},"line":5},"1":{"name":"(anonymous_1)","decl":{"start":{"line":8,"column":13},"end":{"line":8,"column":14}},"loc":{"start":{"line":8,"column":19},"end":{"line":8,"column":31}},"line":8}},"branchMap":{},"s":{"0":1,"1":1,"2":1,"3":0,"4":0,"5":1},"f":{"0":0,"1":0},"b":{},"inputSourceMap":{"version":3,"file":"F:/TLÜ/Teine aasta/Programmeerimine_II/Tiina_Onemar_Programmeerimine_II/Homework/Homework_VI/src/components/logger/loggerServices.ts","sources":["F:/TLÜ/Teine aasta/Programmeerimine_II/Tiina_Onemar_Programmeerimine_II/Homework/Homework_VI/src/components/logger/loggerServices.ts"],"names":[],"mappings":";;AAAA,iCAA8B;AAE9B,MAAM,cAAc,GAAG;IACrB,QAAQ,EAAE,CAAC,KAAa,EAAE,EAAE;QAC1B,OAAE,CAAC,IAAI,CAAC,IAAI,CAAC,KAAK,CAAC,CAAC;IACtB,CAAC;IACD,OAAO,EAAE,GAAG,EAAE,CAAC,OAAE,CAAC,IAAI;CACvB,CAAC;AAEF,kBAAe,cAAc,CAAC","sourcesContent":["import { db } from '../../db';\n\nconst loggerServices = {\n  logEvent: (event: string) => {\n    db.logs.push(event);\n  },\n  getLogs: () => db.logs,\n};\n\nexport default loggerServices;"]},"_coverageSchema":"1a1c01bbd47fc00a2c39e90264f33305004495a9","hash":"5517c81ee885dc2a248bd9a58068dec1d7a98894","contentHash":"a68ce58f6df8b4ec222c352c106e68ead71501be5917cbd0bb8652c10db730a6"},"F:\\TLÜ\\Teine aasta\\Programmeerimine_II\\Tiina_Onemar_Programmeerimine_II\\Homework\\Homework_VI\\src\\db.ts":{"path":"F:\\TLÜ\\Teine aasta\\Programmeerimine_II\\Tiina_Onemar_Programmeerimine_II\\Homework\\Homework_VI\\src\\db.ts","statementMap":{"0":{"start":{"line":2,"column":0},"end":{"line":2,"column":62}},"1":{"start":{"line":3,"column":0},"end":{"line":3,"column":20}},"2":{"start":{"line":4,"column":11},"end":{"line":11,"column":1}},"3":{"start":{"line":12,"column":0},"end":{"line":12,"column":16}}},"fnMap":{},"branchMap":{},"s":{"0":1,"1":1,"2":1,"3":1},"f":{},"b":{},"inputSourceMap":{"version":3,"file":"F:/TLÜ/Teine aasta/Programmeerimine_II/Tiina_Onemar_Programmeerimine_II/Homework/Homework_VI/src/db.ts","sources":["F:/TLÜ/Teine aasta/Programmeerimine_II/Tiina_Onemar_Programmeerimine_II/Homework/Homework_VI/src/db.ts"],"names":[],"mappings":";;;AAeA,MAAM,EAAE,GAAc;IACpB,IAAI,EAAE,EAAE;IACR,KAAK,EAAE,EAAE;IACT,UAAU,EAAE,EAAE;IACd,UAAU,EAAE,EAAE;IACd,QAAQ,EAAE,EAAE;IACZ,KAAK,EAAE,EAAE;CACV,CAAA;AAEO,gBAAE","sourcesContent":["import { IUser } from './components/users/usersModels';\nimport ITask from './components/tasks/tasksModels';\nimport ISubtask from './components/subtasks/subtasksModels';\nimport ICategory from './components/categories/categoriesModels';\nimport IPriority from './components/priorities/prioritiesModels';\n\ninterface IDatabase{\n  logs: string[];\n  users: IUser[];\n  tasks: ITask[];\n  priorities: IPriority[];\n  categories: ICategory[];\n  subtasks: ISubtask[];\n}\n\nconst db: IDatabase = {\n  logs: [],\n  users: [],\n  priorities: [],\n  categories: [],\n  subtasks: [],\n  tasks: []\n}\n\nexport {db};"]},"_coverageSchema":"1a1c01bbd47fc00a2c39e90264f33305004495a9","hash":"dea92752e995305e19bf28f6e88fc01bdfe35cf0","contentHash":"c4e3f503fa7a7118d6fc1ee9e216ac9421087a14322995712514b1ffaae986fd"},"F:\\TLÜ\\Teine aasta\\Programmeerimine_II\\Tiina_Onemar_Programmeerimine_II\\Homework\\Homework_VI\\src\\components\\auth\\authController.ts":{"path":"F:\\TLÜ\\Teine aasta\\Programmeerimine_II\\Tiina_Onemar_Programmeerimine_II\\Homework\\Homework_VI\\src\\components\\auth\\authController.ts","statementMap":{"0":{"start":{"line":2,"column":16},"end":{"line":10,"column":1}},"1":{"start":{"line":3,"column":28},"end":{"line":3,"column":110}},"2":{"start":{"line":3,"column":91},"end":{"line":3,"column":106}},"3":{"start":{"line":4,"column":4},"end":{"line":9,"column":7}},"4":{"start":{"line":5,"column":36},"end":{"line":5,"column":97}},"5":{"start":{"line":5,"column":42},"end":{"line":5,"column":70}},"6":{"start":{"line":5,"column":85},"end":{"line":5,"column":95}},"7":{"start":{"line":6,"column":35},"end":{"line":6,"column":100}},"8":{"start":{"line":6,"column":41},"end":{"line":6,"column":73}},"9":{"start":{"line":6,"column":88},"end":{"line":6,"column":98}},"10":{"start":{"line":7,"column":32},"end":{"line":7,"column":116}},"11":{"start":{"line":8,"column":8},"end":{"line":8,"column":78}},"12":{"start":{"line":11,"column":22},"end":{"line":13,"column":1}},"13":{"start":{"line":12,"column":4},"end":{"line":12,"column":62}},"14":{"start":{"line":14,"column":0},"end":{"line":14,"column":62}},"15":{"start":{"line":15,"column":24},"end":{"line":15,"column":74}},"16":{"start":{"line":16,"column":23},"end":{"line":16,"column":74}},"17":{"start":{"line":17,"column":22},"end":{"line":17,"column":72}},"18":{"start":{"line":18,"column":23},"end":{"line":18,"column":74}},"19":{"start":{"line":19,"column":24},"end":{"line":44,"column":1}},"20":{"start":{"line":20,"column":31},"end":{"line":43,"column":6}},"21":{"start":{"line":21,"column":36},"end":{"line":21,"column":44}},"22":{"start":{"line":22,"column":8},"end":{"line":24,"column":9}},"23":{"start":{"line":23,"column":12},"end":{"line":23,"column":102}},"24":{"start":{"line":25,"column":21},"end":{"line":25,"column":72}},"25":{"start":{"line":26,"column":8},"end":{"line":28,"column":9}},"26":{"start":{"line":27,"column":12},"end":{"line":27,"column":75}},"27":{"start":{"line":29,"column":34},"end":{"line":29,"column":104}},"28":{"start":{"line":30,"column":8},"end":{"line":32,"column":9}},"29":{"start":{"line":31,"column":12},"end":{"line":31,"column":77}},"30":{"start":{"line":33,"column":24},"end":{"line":36,"column":9}},"31":{"start":{"line":37,"column":22},"end":{"line":37,"column":63}},"32":{"start":{"line":38,"column":8},"end":{"line":42,"column":11}},"33":{"start":{"line":45,"column":0},"end":{"line":45,"column":34}}},"fnMap":{"0":{"name":"(anonymous_0)","decl":{"start":{"line":2,"column":44},"end":{"line":2,"column":45}},"loc":{"start":{"line":2,"column":89},"end":{"line":10,"column":1}},"line":2},"1":{"name":"adopt","decl":{"start":{"line":3,"column":13},"end":{"line":3,"column":18}},"loc":{"start":{"line":3,"column":26},"end":{"line":3,"column":112}},"line":3},"2":{"name":"(anonymous_2)","decl":{"start":{"line":3,"column":70},"end":{"line":3,"column":71}},"loc":{"start":{"line":3,"column":89},"end":{"line":3,"column":108}},"line":3},"3":{"name":"(anonymous_3)","decl":{"start":{"line":4,"column":36},"end":{"line":4,"column":37}},"loc":{"start":{"line":4,"column":63},"end":{"line":9,"column":5}},"line":4},"4":{"name":"fulfilled","decl":{"start":{"line":5,"column":17},"end":{"line":5,"column":26}},"loc":{"start":{"line":5,"column":34},"end":{"line":5,"column":99}},"line":5},"5":{"name":"rejected","decl":{"start":{"line":6,"column":17},"end":{"line":6,"column":25}},"loc":{"start":{"line":6,"column":33},"end":{"line":6,"column":102}},"line":6},"6":{"name":"step","decl":{"start":{"line":7,"column":17},"end":{"line":7,"column":21}},"loc":{"start":{"line":7,"column":30},"end":{"line":7,"column":118}},"line":7},"7":{"name":"(anonymous_7)","decl":{"start":{"line":11,"column":56},"end":{"line":11,"column":57}},"loc":{"start":{"line":11,"column":71},"end":{"line":13,"column":1}},"line":11},"8":{"name":"(anonymous_8)","decl":{"start":{"line":20,"column":11},"end":{"line":20,"column":12}},"loc":{"start":{"line":20,"column":31},"end":{"line":43,"column":6}},"line":20},"9":{"name":"(anonymous_9)","decl":{"start":{"line":20,"column":65},"end":{"line":20,"column":66}},"loc":{"start":{"line":20,"column":78},"end":{"line":43,"column":5}},"line":20}},"branchMap":{"0":{"loc":{"start":{"line":2,"column":16},"end":{"line":10,"column":1}},"type":"binary-expr","locations":[{"start":{"line":2,"column":17},"end":{"line":2,"column":21}},{"start":{"line":2,"column":25},"end":{"line":2,"column":39}},{"start":{"line":2,"column":44},"end":{"line":10,"column":1}}],"line":2},"1":{"loc":{"start":{"line":3,"column":35},"end":{"line":3,"column":109}},"type":"cond-expr","locations":[{"start":{"line":3,"column":56},"end":{"line":3,"column":61}},{"start":{"line":3,"column":64},"end":{"line":3,"column":109}}],"line":3},"2":{"loc":{"start":{"line":4,"column":16},"end":{"line":4,"column":34}},"type":"binary-expr","locations":[{"start":{"line":4,"column":16},"end":{"line":4,"column":17}},{"start":{"line":4,"column":22},"end":{"line":4,"column":33}}],"line":4},"3":{"loc":{"start":{"line":7,"column":32},"end":{"line":7,"column":115}},"type":"cond-expr","locations":[{"start":{"line":7,"column":46},"end":{"line":7,"column":67}},{"start":{"line":7,"column":70},"end":{"line":7,"column":115}}],"line":7},"4":{"loc":{"start":{"line":8,"column":51},"end":{"line":8,"column":67}},"type":"binary-expr","locations":[{"start":{"line":8,"column":51},"end":{"line":8,"column":61}},{"start":{"line":8,"column":65},"end":{"line":8,"column":67}}],"line":8},"5":{"loc":{"start":{"line":11,"column":22},"end":{"line":13,"column":1}},"type":"binary-expr","locations":[{"start":{"line":11,"column":23},"end":{"line":11,"column":27}},{"start":{"line":11,"column":31},"end":{"line":11,"column":51}},{"start":{"line":11,"column":56},"end":{"line":13,"column":1}}],"line":11},"6":{"loc":{"start":{"line":12,"column":11},"end":{"line":12,"column":61}},"type":"cond-expr","locations":[{"start":{"line":12,"column":37},"end":{"line":12,"column":40}},{"start":{"line":12,"column":43},"end":{"line":12,"column":61}}],"line":12},"7":{"loc":{"start":{"line":12,"column":12},"end":{"line":12,"column":33}},"type":"binary-expr","locations":[{"start":{"line":12,"column":12},"end":{"line":12,"column":15}},{"start":{"line":12,"column":19},"end":{"line":12,"column":33}}],"line":12},"8":{"loc":{"start":{"line":22,"column":8},"end":{"line":24,"column":9}},"type":"if","locations":[{"start":{"line":22,"column":8},"end":{"line":24,"column":9}},{"start":{"line":22,"column":8},"end":{"line":24,"column":9}}],"line":22},"9":{"loc":{"start":{"line":22,"column":12},"end":{"line":22,"column":31}},"type":"binary-expr","locations":[{"start":{"line":22,"column":12},"end":{"line":22,"column":18}},{"start":{"line":22,"column":22},"end":{"line":22,"column":31}}],"line":22},"10":{"loc":{"start":{"line":26,"column":8},"end":{"line":28,"column":9}},"type":"if","locations":[{"start":{"line":26,"column":8},"end":{"line":28,"column":9}},{"start":{"line":26,"column":8},"end":{"line":28,"column":9}}],"line":26},"11":{"loc":{"start":{"line":30,"column":8},"end":{"line":32,"column":9}},"type":"if","locations":[{"start":{"line":30,"column":8},"end":{"line":32,"column":9}},{"start":{"line":30,"column":8},"end":{"line":32,"column":9}}],"line":30}},"s":{"0":1,"1":27,"2":0,"3":11,"4":27,"5":27,"6":0,"7":0,"8":0,"9":0,"10":38,"11":11,"12":1,"13":4,"14":1,"15":1,"16":1,"17":1,"18":1,"19":1,"20":11,"21":11,"22":11,"23":1,"24":10,"25":10,"26":1,"27":9,"28":9,"29":1,"30":8,"31":8,"32":8,"33":1},"f":{"0":11,"1":27,"2":0,"3":11,"4":27,"5":0,"6":38,"7":4,"8":11,"9":11},"b":{"0":[1,1,1],"1":[27,0],"2":[11,11],"3":[11,27],"4":[11,11],"5":[1,1,1],"6":[4,0],"7":[4,4],"8":[1,10],"9":[11,11],"10":[1,9],"11":[1,8]},"inputSourceMap":{"version":3,"file":"F:/TLÜ/Teine aasta/Programmeerimine_II/Tiina_Onemar_Programmeerimine_II/Homework/Homework_VI/src/components/auth/authController.ts","sources":["F:/TLÜ/Teine aasta/Programmeerimine_II/Tiina_Onemar_Programmeerimine_II/Homework/Homework_VI/src/components/auth/authController.ts"],"names":[],"mappings":";;;;;;;;;;;;;;AACA,2EAAmD;AACnD,2EAAmD;AACnD,yEAAiD;AACjD,2EAAmD;AAEnD,MAAM,eAAe,GAAG;IACtB,KAAK,EAAE,CAAO,GAAY,EAAE,GAAa,EAAE,IAAiB,EAAE,EAAE;QAC9D,MAAM,EAAE,KAAK,EAAE,QAAQ,EAAE,GAAG,GAAG,CAAC,IAAI,CAAC;QACrC,IAAI,CAAC,KAAK,IAAI,CAAC,QAAQ,EAAE;YACvB,OAAO,IAAI,CAAC,sBAAY,CAAC,UAAU,CAAC,yCAAyC,CAAC,CAAC,CAAC;SACjF;QACD,MAAM,IAAI,GAAG,MAAM,uBAAa,CAAC,cAAc,CAAC,KAAK,CAAC,CAAC;QACvD,IAAI,CAAC,IAAI,EAAE;YACT,OAAO,IAAI,CAAC,sBAAY,CAAC,QAAQ,CAAC,gBAAgB,CAAC,CAAC,CAAC;SACtD;QACD,MAAM,iBAAiB,GAAG,MAAM,sBAAY,CAAC,gBAAgB,CAC3D,QAAQ,EACR,IAAI,CAAC,QAAS,CACf,CAAC;QACF,IAAI,CAAC,iBAAiB,EAAE;YACtB,OAAO,IAAI,CAAC,sBAAY,CAAC,UAAU,CAAC,gBAAgB,CAAC,CAAC,CAAC;SACxD;QACD,MAAM,OAAO,GAAG;YACd,EAAE,EAAE,IAAI,CAAC,EAAE;YACX,IAAI,EAAE,IAAI,CAAC,IAAI;SAChB,CAAC;QACF,MAAM,KAAK,GAAG,MAAM,qBAAW,CAAC,IAAI,CAAC,OAAO,CAAC,CAAC;QAC9C,OAAO,GAAG,CAAC,MAAM,CAAC,GAAG,CAAC,CAAC,IAAI,CAAC;YAC1B,OAAO,EAAE,IAAI;YACb,OAAO,EAAE,gBAAgB;YACzB,KAAK;SACN,CAAC,CAAC;IACL,CAAC,CAAA;CACF,CA
[...]
,"s":{"0":1,"1":2,"2":0,"3":2,"4":2,"5":2,"6":0,"7":0,"8":0,"9":0,"10":4,"11":2,"12":1,"13":3,"14":1,"15":1,"16":1,"17":1,"18":1,"19":1,"20":1,"21":1,"22":0,"23":1,"24":1,"25":1,"26":1,"27":1,"28":0,"29":1,"30":0,"31":0,"32":0,"33":0,"34":0,"35":0,"36":0,"37":0,"38":0,"39":0,"40":0,"41":0,"42":0,"43":0,"44":0,"45":0,"46":0,"47":0,"48":0,"49":0,"50":0,"51":1},"f":{"0":2,"1":2,"2":0,"3":2,"4":2,"5":0,"6":4,"7":3,"8":1,"9":1,"10":1,"11":1,"12":0,"13":0,"14":0,"15":0,"16":0,"17":0},"b":{"0":[1,1,1],"1":[2,0],"2":[2,2],"3":[2,2],"4":[2,2],"5":[1,1,1],"6":[3,0],"7":[3,3],"8":[0,1],"9":[0,1],"10":[0,0],"11":[0,0],"12":[0,0],"13":[0,0]},"inputSourceMap":{"version":3,"file":"F:/TLÜ/Teine aasta/Programmeerimine_II/Tiina_Onemar_Programmeerimine_II/Homework/Homework_VI/src/components/priorities/prioritiesController.ts","sources":["F:/TLÜ/Teine aasta/Programmeerimine_II/Tiina_Onemar_Programmeerimine_II/Homework/Homework_VI/src/components/priorities/prioritiesController.ts"],"names":[],"mappings":";;;;;;;;;;;;;;AACA,8EAAsD;AACtD,yEAAiD;AACjD,2EAAmD;AAEnD,MAAM,oBAAoB,GAAG;IAC3B,aAAa,EAAE,CAAO,GAAY,EAAE,GAAa,EAAE,IAAiB,EAAE,EAAE;QACtE,MAAM,UAAU,GAAG,MAAM,4BAAkB,CAAC,aAAa,EAAE,CAAC;QAC5D,IAAI,UAAU,YAAY,qBAAW,EAAE;YACrC,OAAO,IAAI,CAAC,UAAU,CAAC,CAAC;SAEzB;QACD,OAAO,GAAG,CAAC,MAAM,CAAC,GAAG,CAAC,CAAC,IAAI,CAAC;YAC1B,OAAO,EAAE,IAAI;YACb,OAAO,EAAE,gBAAgB;YACzB,UAAU;YACV,iBAAiB,EAAE,UAAU,CAAC,MAAM;SACrC,CAAC,CAAA;IACJ,CAAC,CAAA;IACD,eAAe,EAAE,CAAO,GAAY,EAAE,GAAa,EAAE,IAAiB,EAAE,EAAE;QACxE,MAAM,EAAE,GAAG,MAAM,CAAC,GAAG,CAAC,MAAM,CAAC,EAAE,CAAC,CAAA;QAChC,MAAM,QAAQ,GAAG,MAAM,4BAAkB,CAAC,eAAe,CAAC,EAAE,CAAC,CAAC;QAE9D,IAAI,CAAC,QAAQ,EAAE;YACb,OAAO,IAAI,CAAC,sBAAY,CAAC,QAAQ,EAAE,CAAC,CAAC;SACtC;QAED,OAAO,GAAG,CAAC,MAAM,CAAC,GAAG,CAAC,CAAC,IAAI,CAAC;YAC1B,OAAO,EAAE,IAAI;YACb,OAAO,EAAE,UAAU;YACnB,QAAQ;SACT,CAAC,CAAC;IACL,CAAC,CAAA;IACD,cAAc,EAAE,CAAO,GAAY,EAAE,GAAa,EAAE,IAAiB,EAAE,EAAE;QACvE,MAAM,EAAE,IAAI,EAAE,WAAW,EAAE,GAAG,GAAG,CAAC,IAAI,CAAC;QAEvC,IAAI,CAAC,IAAI,EAAE;YACT,OAAO,IAAI,CAAC,sBAAY,CAAC,UAAU,EAAE,CAAC,CAAC;SACxC;QAED,MAAM,UAAU,GAAG,MAAM,4BAAkB,CAAC,cAAc,CAAC,IAAI,EAAE,WAAW,CAAC,CAAA;QAE7E,OAAO,GAAG,CAAC,MAAM,CAAC,GAAG,CAAC,CAAC,IAAI,CAAC;YAC1B,OAAO,EAAE,IAAI;YACb,OAAO,EAAE,kBAAkB;YAC3B,UAAU;SACX,CAAC,CAAC;IACL,CAAC,CAAA;IACD,cAAc,EAAE,CAAO,GAAY,EAAE,GAAa,EAAE,IAAiB,EAAE,EAAE;QACvE,MAAM,EAAE,GAAG,MAAM,CAAC,GAAG,CAAC,MAAM,CAAC,EAAE,CAAC,CAAC;QACjC,MAAM,EAAE,IAAI,EAAE,WAAW,EAAE,GAAG,GAAG,CAAC,IAAI,CAAC;QAEvC,IAAI,CAAC,IAAI,EAAE;YACT,OAAO,IAAI,CAAC,sBAAY,CAAC,UAAU,EAAE,CAAC,CAAC;SACxC;QAED,MAAM,eAAe,GAAG,MAAM,4BAAkB,CAAC,cAAc,CAAC,EAAE,EAAE,EAAE,IAAI,EAAE,WAAW,EAAE,CAAC,CAAC;QAE3F,IAAI,eAAe,KAAK,CAAC,EAAE;YACzB,OAAO,IAAI,CAAC,sBAAY,CAAC,QAAQ,EAAE,CAAC,CAAC;SACtC;QAED,OAAO,GAAG,CAAC,MAAM,CAAC,GAAG,CAAC,CAAC,IAAI,CAAC;YAC1B,OAAO,EAAE,IAAI;YACb,OAAO,EAAE,kBAAkB;SAC5B,CAAC,CAAC;IACL,CAAC,CAAA;IACD,cAAc,EAAE,CAAO,GAAY,EAAE,GAAa,EAAE,IAAiB,EAAE,EAAE;QACvE,MAAM,EAAE,GAAG,MAAM,CAAC,GAAG,CAAC,MAAM,CAAC,EAAE,CAAC,CAAC;QACjC,MAAM,eAAe,GAAG,MAAM,4BAAkB,CAAC,cAAc,CAAC,EAAE,CAAC,CAAC;QAEpE,IAAI,eAAe,KAAK,CAAC,EAAE;YACzB,OAAO,IAAI,CAAC,sBAAY,CAAC,QAAQ,EAAE,CAAC,CAAC;SACtC;QAED,OAAO,GAAG,CAAC,MAAM,CAAC,GAAG,CAAC,CAAC,IAAI,CAAC;YAC1B,OAAO,EAAE,IAAI;YACb,OAAO,EAAE,kBAAkB;SAC5B,CAAC,CAAC;IACL,CAAC,CAAA;CACF,CAAC;AAEF,kBAAe,oBAAoB,CAAC","sourcesContent":["import { NextFunction, Request, Response } from 'express';\r\nimport prioritiesServices from './prioritiesServices';\r\nimport CustomError from '../helpers/CustomError';\r\nimport errorFactory from '../helpers/errorFactory';\r\n\r\nconst prioritiesController = {\r\n  getPriorities: async (req: Request, res: Response, next:NextFunction) => {\r\n    const priorities = await prioritiesServices.getPriorities();\r\n    if (priorities instanceof CustomError) {\r\n      return next(priorities);\r\n      \r\n    }\r\n    return res.status(200).json({\r\n      success: true,\r\n      message: 'All priorities',\r\n      priorities,\r\n      countOfPriorities: priorities.length\r\n    })\r\n  },\r\n  getPriorityById: async (req: Request, res: Response, next:NextFunction) => {\r\n    const id = Number(req.params.id)\r\n    const priority = await prioritiesServices.getPriorityById(id);\r\n\r\n    if (!priority) {\r\n      return next(errorFactory.notFound());\r\n    }\r\n\r\n    return res.status(200).json({\r\n      success: true,\r\n      message: 'Priority',\r\n      priority,\r\n    });\r\n  },\r\n  createPriority: async (req: Request, res: Response, next:NextFunction) => {\r\n    const { name, description } = req.body;\r\n  \r\n    if (!name) {\r\n      return next(errorFactory.badRequest());\r\n    }\r\n\r\n    const priorityId = await prioritiesServices.createPriority(name, description)\r\n\r\n    return res.status(200).json({\r\n      success: true,\r\n      message: 'Priority created',\r\n      priorityId\r\n    });\r\n  },\r\n  updatePriority: async (req: Request, res: Response, next:NextFunction) => {\r\n    const id = Number(req.params.id);\r\n    const { name, description } = req.body;\r\n\r\n    if (!name) {\r\n      return next(errorFactory.badRequest());\r\n    }\r\n\r\n    const updatedPriority = await prioritiesServices.updatePriority(id, { name, description });\r\n\r\n    if (updatedPriority === 0) {\r\n      return next(errorFactory.notFound());\r\n    }\r\n\r\n    return res.status(200).json({\r\n      success: true,\r\n      message: 'Priority updated',\r\n    });\r\n  },\r\n  deletePriority: async (req: Request, res: Response, next:NextFunction) => {\r\n    const id = Number(req.params.id);\r\n    const deletedPriority = await prioritiesServices.deletePriority(id);\r\n\r\n    if (deletedPriority === 0) {\r\n      return next(errorFactory.notFound());\r\n    }\r\n\r\n    return res.status(200).json({\r\n      success: true,\r\n      message: 'Priority deleted',\r\n    });\r\n  }\r\n};\r\n\r\nexport default prioritiesController;"]},"_coverageSchema":"1a1c01bbd47fc00a2c39e90264f33305004495a9","hash":"14408c6afa444ade7633a64ce70f3660a7b3dcea","contentHash":"9ea2c64dc68399e613049d8ba8899e4c8d64202bc3d220ebb463d32e50da7a53"},"F:\\TLÜ\\Teine aasta\\Programmeerimine_II\\Tiina_Onemar_Programmeerimine_II\\Homework\\Homework_VI\\src\\components\\priorities\\prioritiesServices.ts":{"path":"F:\\TLÜ\\Teine aasta\\Programmeerimine_II\\Tiina_Onemar_Programmeerimine_II\\Homework\\Homework_VI\\src\\components\\priorities\\prioritiesServices.ts","statementMap":{"0":{"start":{"line":2,"column":16},"end":{"line":10,"column":1}},"1":{"start":{"line":3,"column":28},"end":{"line":3,"column":110}},"2":{"start":{"line":3,"column":91},"end":{"line":3,"column":106}},"3":{"start":{"line":4,"column":4},"end":{"line":9,"column":7}},"4":{"start":{"line":5,"column":36},"end":{"line":5,"column":97}},"5":{"start":{"line":5,"column":42},"end":{"line":5,"column":70}},"6":{"start":{"line":5,"column":85},"end":{"line":5,"column":95}},"7":{"start":{"line":6,"column":35},"end":{"line":6,"column":100}},"8":{"start":{"line":6,"column":41},"end":{"line":6,"column":73}},"9":{"start":{"line":6,"column":88},"end":{"line":6,"column":98}},"10":{"start":{"line":7,"column":32},"end":{"line":7,"column":116}},"11":{"start":{"line":8,"column":8},"end":{"line":8,"column":78}},"12":{"start":{"line":11,"column":22},"end":{"line":13,"column":1}},"13":{"start":{"line":12,"column":4},"end":{"line":12,"column":62}},"14":{"start":{"line":14,"column":0},"end":{"line":14,"column":62}},"15":{"start":{"line":15,"column":19},"end":{"line":15,"column":61}},"16":{"start":{"line":16,"column":22},"end":{"line":16,"column":72}},"17":{"start":{"line":17,"column":27},"end":{"line":57,"column":1}},"18":{"start":{"line":18,"column":25},"end":{"line":26,"column":6}},"19":{"start":{"line":19,"column":8},"end":{"line":25,"column":9}},"20":{"start":{"line":20,"column":33},"end":{"line":20,"column":118}},"21":{"start":{"line":21,"column":12},"end":{"line":21,"column":30}},"22":{"start":{"line":24,"column":12},"end":{"line":24,"column":65}},"23":{"start":{"line":27,"column":29},"end":{"line":30,"column":6}},"24":{"start":{"line":28,"column":27},"end":{"line":28,"column":105}},"25":{"start":{"line":29,"column":8},"end":{"line":29,"column":27}},"26":{"start":{"line":31,"column":43},"end":{"line":38,"column":6}},"27":{"start":{"line":32,"column":25},"end":{"line":35,"column":9}},"28":{"start":{"line":36,"column":25},"end":{"line":36,"column":100}},"29":{"start":{"line":37,"column":8},"end":{"line":37,"column":31}},"30":{"start":{"line":39,"column":43},"end":{"line":52,"column":6}},"31":{"start":{"line":40,"column":28},"end":{"line":40,"column":30}},"32":{"start":{"line":41,"column":8},"end":{"line":43,"column":9}},"33":{"start":{"line":42,"column":12},"end":{"line":42,"column":50}},"34":{"start":{"line":44,"column":8},"end":{"line":46,"column":9}},"35":{"start":{"line":45,"column":12},"end":{"line":45,"column":64}},"36":{"start":{"line":47,"column":8},"end":{"line":49,"column":9}},"37":{"start":{"line":48,"column":12},"end":{"line":48,"column":21}},"38":{"start":{"line":50,"column":25},"end":{"line":50,"column":115}},"39":{"start":{"line":51,"column":8},"end":{"line":51,"column":35}},"40":{"start":{"line":53,"column":28},"end":{"line":56,"column":6}},"41":{"start":{"line":54,"column":25},"end":{"line":54,"column":120}},"42":{"start":{"line":55,"column":8},"end":{"line":55,"column":35}},"43":{"start":{"line":58,"column":0},"end":{"line":58,"column":37}}},"fnMap":{"0":{"name":"(anonymous_0)","decl":{"start":{"line":2,"column":44},"end":{"line":2,"column":45}},"loc":{"start":{"line":2,"column":89},"end":{"line":10,"column":1}},"line":2},"1":{"name":"adopt","decl":{"start":{"line":3,"column":13},"end":{"line":3,"column":18}},"loc":{"start":{"line":3,"column":26},"end":{"line":3,"column":112}},"line":3},"2":{"name":"(anonymous_2)","decl":{"start":{"line":3,"column":70},"end":{"line":3,"column":71}},"loc":{"start":{"line":3,"column":89},"end":{"line":3,"column":108}},"line":3},"3":{"name":"(anonymous_3)","decl":{"start":{"line":4,"column":36},"end":{"line":4,"column":37}},"loc":{"start":{"line":4,"column":63},"end":{"line":9,"column":5}},"line":4},"4":{"name":"fulfilled","decl":{"start":{"line":5,"column":17},"end":{"line":5,"column":26}},"loc":{"start":{"line":5,"column":34},"end":{"line":5,"column":99}},"line":5},"5":{"name":"rejected","decl":{"start":{"line":6,"column":17},"end":{"line":6,"column":25}},"loc":{"start":{"line":6,"column":33},"end":{"line":6,"column":102}},"line":6},"6":{"name":"step","decl":{"start":{"line":7,"column":17},"end":{"line":7,"column":21}},"loc":{"start":{"line":7,"column":30},"end":{"line":7,"column":118}},"line":7},"7":{"name":"(anonymous_7)","decl":{"start":{"line":11,"column":56},"end":{"line":11,"column":57}},"loc":{"start":{"line":11,"column":71},"end":{"line":13,"column":1}},"line":11},"8":{"name":"(anonymous_8)","decl":{"start":{"line":18,"column":19},"end":{"line":18,"column":20}},"loc":{"start":{"line":18,"column":25},"end":{"line":26,"column":6}},"line":18},"9":{"name":"(anonymous_9)","decl":{"start":{"line":18,"column":59},"end":{"line":18,"column":60}},"loc":{"start":{"line":18,"column":72},"end":{"line":26,"column":5}},"line":18},"10":{"name":"(anonymous_10)","decl":{"start":{"line":27,"column":21},"end":{"line":27,"column":22}},"loc":{"start":{"line":27,"column":29},"end":{"line":30,"column":6}},"line":27},"11":{"name":"(anonymous_11)","decl":{"start":{"line":27,"column":63},"end":{"line":27,"column":64}},"loc":{"start":{"line":27,"column":76},"end":{"line":30,"column":5}},"line":27},"12":{"name":"(anonymous_12)","decl":{"start":{"line":31,"column":20},"end":{"line":31,"column":21}},"loc":{"start":{"line":31,"column":43},"end":{"line":38,"column":6}},"line":31},"13":{"name":"(anonymous_13)","decl":{"start":{"line":31,"column":77},"end":{"line":31,"column":78}},"loc":{"start":{"line":31,"column":90},"end":{"line":38,"column":5}},"line":31},"14":{"name":"(anonymous_14)","decl":{"start":{"line":39,"column":20},"end":{"line":39,"column":21}},"loc":{"start":{"line":39,"column":43},"end":{"line":52,"column":6}},"line":39},"15":{"name":"(anonymous_15)","decl":{"start":{"line":39,"column":77},"end":{"line":39,"column":78}},"loc":{"start":{"line":39,"column":90},"end":{"line":52,"column":5}},"line":39},"16":{"name":"(anonymous_16)","decl":{"start":{"line":53,"column":20},"end":{"line":53,"column":21}},"loc":{"start":{"line":53,"column":28},"end":{"line":56,"column":6}},"line":53},"17":{"name":"(anonymous_17)","decl":{"start":{"line":53,"column":62},"end":{"line":53,"column":63}},"loc":{"start":{"line":53,"column":75},"end":{"line":56,"column":5}},"line":53}},"branchMap":{"0":{"loc":{"start":{"line":2,"column":16},"end":{"line":10,"column":1}},"type":"binary-expr","locations":[{"start":{"line":2,"column":17},"end":{"line":2,"column":21}},{"start":{"line":2,"column":25},"end":{"line":2,"column":39}},{"start":{"line":2,"column":44},"end":{"line":10,"column":1}}],"line":2},"1":{"loc":{"start":{"line":3,"column":35},"end":{"line":3,"column":109}},"type":"cond-expr","locations":[{"start":{"line":3,"column":56},"end":{"line":3,"column":61}},{"start":{"line":3,"column":64},"end":{"line":3,"column":109}}],"line":3},"2":{"loc":{"start":{"line":4,"column":16},"end":{"line":4,"column":34}},"type":"binary-expr","locations":[{"start":{"line":4,"column":16},"end":{"line":4,"column":17}},{"start":{"line":4,"column":22},"end":{"line":4,"column":33}}],"line":4},"3":{"loc":{"start":{"line":7,"column":32},"end":{"line":7,"column":115}},"type":"cond-expr","locations":[{"start":{"line":7,"column":46},"end":{"line":7,"column":67}},{"start":{"line":7,"column":70},"end":{"line":7,"column":115}}],"line":7},"4":{"loc":{"start":{"line":8,"column":51},"end":{"line":8,"column":67}},"type":"binary-expr","locations":[{"start":{"line":8,"column":51},"end":{"line":8,"column":61}},{"start":{"line":8,"column":65},"end":{"line":8,"column":67}}],"line":8},"5":{"loc":{"start":{"line":11,"column":22},"end":{"line":13,"column":1}},"type":"binary-expr","locations":[{"start":{"line":11,"column":23},"end":{"line":11,"column":27}},{"start":{"line":11,"column":31},"end":{"line":11,"column":51}},{"start":{"line":11,"column":56},"end":{"line":13,"column":1}}],"line":11},"6":{"loc":{"start":{"line":12,"column":11},"end":{"line":12,"column":61}},"type":"cond-expr","locations":[{"start":{"line":12,"column":37},"end":{"line":12,"column":40}},{"start":{"line":12,"column":43},"end":{"line":12,"column":61}}],"line":12},"7":{"loc":{"start":{"line":12,"column":12},"end":{"line":12,"column":33}},"type":"binary-expr","locations":[{"start":{"line":12,"column":12},"end":{"line":12,"column":15}},{"start":{"line":12,"column":19},"end":{"line":12,"column":33}}],"line":12},"8":{"loc":{"start":{"line":41,"column":8},"end":{"line":43,"column":9}},"type":"if","locations":[{"start":{"line":41,"column":8},"end":{"line":43,"column":9}},{"start":{"line":41,"column":8},"end":{"line":43,"column":9}}],"line":41},"9":{"loc":{"start":{"line":44,"column":8},"end":{"line":46,"column":9}},"type":"if","locations":[{"start":{"line":44,"column":8},"end":{"line":46,"column":9}},{"start":{"line":44,"column":8},"end":{"line":46,"column":9}}],"line":44},"10":{"loc":{"start":{"line":47,"column":8},"end":{"line":49,"column":9}},"type":"if","locations":[{"start":{"line":47,"column":8},"end":{"line":49,"column":9}},{"start":{"line":47,"column":8},"end":{"line":49,"column":9}}],"line":47}},"s":{"0":1,"1":2,"2":0,"3":2,"4":2,"5":2,"6":0,"7":0,"8":0,"9":0,"10":4,"11":2,"12":1,"13":2,"14":1,"15":1,"16":1,"17":1,"18":1,"19":1,"20":1,"21":1,"22":0,"23":1,"24":1,"25":1,"26":0,"27":0,"28":0,"29":0,"30":0,"31":0,"32":0,"33":0,"34":0,"35":0,"36":0,"37":0,"38":0,"39":0,"40":0,"41":0,"42":0,"43":1},"f":{"0":2,"1":2,"2":0,"3":2,"4":2,"5":0,"6":4,"7":2,"8":1,"9":1,"10":1,"11":1,"12":0,"13":0,"14":0,"15":0,"16":0,"17":0},"b":{"0":[1,1,1],"1":[2,0],"2":[2,2],"3":[2,2],"4":[2,2],"5":[1,1,1],"6":[2,0],"7":[2,2],"8":[0,0],"9":[0,0],"10":[0,0]},"inputSourceMap":{"version":3,"file":"F:/TLÜ/Teine aasta/Programmeerimine_II/Tiina_Onemar_Programmeerimine_II/Homework/Homework_VI/src/components/priorities/prioritiesServices.ts","sources":["F:/TLÜ/Teine aasta/Programmeerimine_II/Tiina_Onemar_Programmeerimine_II/Homework/Homework_VI/src/components/priorities/prioritiesServices.ts"],"names":[],"mappings":";;;;;;;;;;;;;;AACA,8DAAsC;AAEtC,yEAAiD;AAEjD,MAAM,kBAAkB,GAAG;IACzB,aAAa,EAAE,GAA8C,EAAE;QAC7D,IAAI;YACF,MAAM,CAAC,UAAU,CAAC,GAAiC,MAAM,kBAAQ,CAAC,KAAK,CAAC,qDAAqD,CAAC,CAAC;YAC/H,OAAO,UAAU,CAAC;SACnB;QAAC,OAAO,KAAU,EAAE;YACnB,OAAO,IAAI,qBAAW,CAAC,KAAK,CAAC,OAAO,EAAE,GAAG,CAAC,CAAC;SAC5C;IACH,CAAC,CAAA;IACD,eAAe,EAAE,CAAO,EAAU,EAAsB,EAAE;QACxD,MAAM,CAAC,QAAQ,CAAC,GAAiC,MAAM,kBAAQ,CAAC,KAAK,CAAC,wCAAwC,EAAE,CAAC,EAAE,CAAC,CAAC,CAAC;QACtH,OAAO,QAAQ,CAAC,CAAC,CAAC,CAAC;IACrB,CAAC,CAAA;IACD,cAAc,EAAE,CAAO,IAAY,EAAE,WAAoB,EAAE,EAAE;QAC3D,MAAM,QAAQ,GAAG;YACf,IAAI;YACJ,WAAW;SACZ,CAAA;QACD,MAAM,CAAC,MAAM,CAAC,GAAqC,MAAM,kBAAQ,CAAC,KAAK,CAAC,+BAA+B,EAAE,CAAC,QAAQ,CAAC,CAAC,CAAC;QACrH,OAAO,MAAM,CAAC,QAAQ,CAAC;IACzB,CAAC,CAAA;IACD,cAAc,EAAE,CAAO,EAAU,EAAE,aAAyC,EAAE,EAAE;QAC9E,MAAM,WAAW,GAA2C,EAAE,CAAC;QAE/D,IAAI,aAAa,CAAC,IAAI,KAAK,SAAS,EAAE;YACpC,WAAW,CAAC,IAAI,GAAG,aAAa,CAAC,IAAI,CAAC;SACvC;QACD,IAAI,aAAa,CAAC,WAAW,KAAK,SAAS,EAAE;YAC3C,WAAW,CAAC,WAAW,GAAG,aAAa,CAAC,WAAW,CAAC;SACrD;QAED,IAAI,MAAM,CAAC,IAAI,CAAC,WAAW,CAAC,CAAC,MAAM,KAAK,CAAC,EAAE;YACzC,OAAO,CAAC,CAAC;SACV;QAED,MAAM,CAAC,MAAM,CAAC,GAAqC,MAAM,kBAAQ,CAAC,KAAK,CAAC,uCAAuC,EAAE,CAAC,WAAW,EAAE,EAAE,CAAC,CAAC,CAAC;QAEpI,OAAO,MAAM,CAAC,YAAY,CAAC;IAC7B,CAAC,CAAA;IACD,cAAc,EAAE,CAAO,EAAU,EAAE,EAAE;QACnC,MAAM,CAAC,MAAM,CAAC,GAAqC,MAAM,kBAAQ,CAAC,KAAK,CAAC,yDAAyD,EAAE,CAAC,EAAE,CAAC,CAAC,CAAC;QACzI,OAAO,MAAM,CAAC,YAAY,CAAC;IAC7B,CAAC,CAAA;CACF,CAAC;AAEF,kBAAe,kBAAkB,CAAC","sourcesContent":["import IPriority from './prioritiesModels';\r\nimport database from '../../database';\r\nimport { FieldPacket, ResultSetHeader } from 'mysql2';\r\nimport CustomError from '../helpers/CustomError';\r\n\r\nconst prioritiesServices = { \r\n  getPriorities: async (): Promise<IPriority[] | CustomError>  => {\r\n    try {\r\n      const [priorities]: [IPriority[], FieldPacket[]] = await database.query('SELECT * FROM priorities WHERE deletedDate IS NULL;');\r\n      return priorities;\r\n    } catch (error: any) {\r\n      return new CustomError(error.message, 500);\r\n    }\r\n  },\r\n  getPriorityById: async (id: number): Promise<IPriority> => {\r\n    const [priority]: [IPriority[], FieldPacket[]] = await database.query('SELECT * FROM priorities WHERE id = ?;', [id]);  \r\n    return priority[0];\r\n  },\r\n  createPriority: async (name: string, description?: string) => {\r\n    const priority = {\r\n      name,\r\n      description,\r\n    }\r\n    const [result]: [ResultSetHeader, FieldPacket[]] = await database.query('INSERT INTO priorities SET ?;', [priority]);\r\n    return result.insertId;\r\n  },\r\n  updatePriority: async (id: number, updatedFields: { [name: string]: string }) => {\r\n    const validFields: { [name: string]: string | undefined } = {};\r\n    \r\n    if (updatedFields.name !== undefined) {\r\n      validFields.name = updatedFields.name;\r\n    }\r\n    if (updatedFields.description !== undefined) {\r\n      validFields.description = updatedFields.description;\r\n    }\r\n\r\n    if (Object.keys(validFields).length === 0) {\r\n      return 0;\r\n    }\r\n  \r\n    const [result]: [ResultSetHeader, FieldPacket[]] = await database.query('UPDATE priorities SET ? WHERE id = ?;', [validFields, id]);\r\n  \r\n    return result.affectedRows;\r\n  },\r\n  deletePriority: async (id: number) => {\r\n    const [result]: [ResultSetHeader, FieldPacket[]] = await database.query('UPDATE priorities SET deletedDate = NOw() WHERE id = ?;', [id]);\r\n    return result.affectedRows;\r\n  }\r\n};\r\n\r\nexport default prioritiesServices;"]},"_coverageSchema":"1a1c01bbd47fc00a2c39e90264f33305004495a9","hash":"32f5d29689c8cd85a39bed9bebd0fb7a097cac65","contentHash":"590f5ebe05cfedf539ed40342691bb7792fb2c56b89fb756ee1362c494d0eed4"}}